2026-07-08 09:53:04,789 [INFO] numexpr.utils: NumExpr defaulting to 8 threads.
2026-07-08 09:53:20,507 [INFO] RUN_ON_FILE: ============================================================
2026-07-08 09:53:20,508 [INFO] RUN_ON_FILE:  Run tag   : combined
2026-07-08 09:53:20,508 [INFO] RUN_ON_FILE:  CSV file  : /Users/apple/Downloads/ANOMOLY_DETECTION_FOR_IOT/combined_dataset.csv
2026-07-08 09:53:20,508 [INFO] RUN_ON_FILE:  Results   : /Users/apple/Downloads/ANOMOLY_DETECTION_FOR_IOT/results_combined
2026-07-08 09:53:20,508 [INFO] RUN_ON_FILE:  Device    : cpu | CPU threads: 2
2026-07-08 09:53:20,508 [INFO] RUN_ON_FILE: ============================================================
2026-07-08 09:53:20,509 [INFO] src.data_processing.preprocessor:  Loading dataset from: /Users/apple/Downloads/ANOMOLY_DETECTION_FOR_IOT/combined_dataset.csv
2026-07-08 09:53:30,247 [INFO] src.data_processing.preprocessor:    Raw shape: (1048675, 80)
2026-07-08 09:53:31,168 [INFO] src.data_processing.preprocessor:    After stratified sampling: (48, 80)
2026-07-08 09:53:31,174 [INFO] src.data_processing.preprocessor:    Attack types mapped in CSV: ['Botnet']
2026-07-08 09:53:31,176 [INFO] src.data_processing.preprocessor:    3-class distribution:
label_3class
0    47
1     1
2026-07-08 09:53:31,224 [INFO] src.data_processing.preprocessor:    Features after cleaning: 77
2026-07-08 09:53:31,228 [INFO] src.data_processing.preprocessor:    Train=33  Val=5  Test=10
2026-07-08 09:53:31,242 [INFO] src.data_processing.preprocessor:  Preprocessing complete. Artifacts saved to: /Users/apple/Downloads/ANOMOLY_DETECTION_FOR_IOT/data/processed_combined
2026-07-08 09:53:31,243 [INFO] RUN_ON_FILE:  Training Baseline Tabular MLP...
2026-07-08 09:53:31,251 [INFO] src.training.train_classifier:  Classifier Training | Augmented train size: 33  (real=33  synth=0)
2026-07-08 09:53:31,341 [INFO] src.training.train_classifier:   [Epoch  1/2]  tr_loss=1.0810  vl_loss=1.1047  tr_acc=0.4848  vl_acc=0.0000  vl_f1_macro=0.0000
2026-07-08 09:53:31,399 [INFO] src.training.train_classifier:  Classifier saved to: /Users/apple/Downloads/ANOMOLY_DETECTION_FOR_IOT/results_combined/models/classifier_baseline.pt
2026-07-08 09:53:31,462 [INFO] src.evaluation.metrics:  Metrics:
2026-07-08 09:53:31,463 [INFO] src.evaluation.metrics:    accuracy                                 0.0000
2026-07-08 09:53:31,463 [INFO] src.evaluation.metrics:    balanced_accuracy                        0.0000
2026-07-08 09:53:31,463 [INFO] src.evaluation.metrics:    precision                                0.0000
2026-07-08 09:53:31,463 [INFO] src.evaluation.metrics:    recall                                   0.0000
2026-07-08 09:53:31,464 [INFO] src.evaluation.metrics:    f1_score                                 0.0000
2026-07-08 09:53:31,464 [INFO] src.evaluation.metrics:    n_predicted_anomaly                      10
2026-07-08 09:53:31,464 [INFO] src.evaluation.metrics:    n_true_anomaly                           0
2026-07-08 09:53:31,464 [INFO] src.evaluation.metrics:    false_positive_rate                      1.0000
2026-07-08 09:53:31,464 [INFO] src.evaluation.metrics:    Benign_precision                         0.0000
2026-07-08 09:53:31,464 [INFO] src.evaluation.metrics:    Benign_recall                            0.0000
2026-07-08 09:53:31,465 [INFO] src.evaluation.metrics:    Benign_f1                                0.0000
2026-07-08 09:53:31,465 [INFO] src.evaluation.metrics:    Botnet_precision                         0.0000
2026-07-08 09:53:31,465 [INFO] src.evaluation.metrics:    Botnet_recall                            0.0000
2026-07-08 09:53:31,465 [INFO] src.evaluation.metrics:    Botnet_f1                                0.0000
2026-07-08 09:53:31,465 [INFO] src.evaluation.metrics:    Malware_precision                        0.0000
2026-07-08 09:53:31,466 [INFO] src.evaluation.metrics:    Malware_recall                           0.0000
2026-07-08 09:53:31,466 [INFO] src.evaluation.metrics:    Malware_f1                               0.0000
2026-07-08 09:53:31,537 [ERROR] RUN_ON_FILE:  Pipeline failed: index 2 is out of bounds for axis 1 with size 2
Traceback (most recent call last):
  File "/Users/apple/Downloads/ANOMOLY_DETECTION_FOR_IOT/run_on_file.py", line 422, in <module>
    main()
  File "/Users/apple/Downloads/ANOMOLY_DETECTION_FOR_IOT/run_on_file.py", line 198, in main
    baseline_metrics, _, _ = _evaluate_classifier(baseline_model, data, device, run_cfg.MODELS_DIR)
                             ^^^^^^^^^^^^^^^^^^^^^^^^^^^^^^^^^^^^^^^^^^^^^^^^^^^^^^^^^^^^^^^^^^^^^^
  File "/Users/apple/Downloads/ANOMOLY_DETECTION_FOR_IOT/run_on_file.py", line 146, in _evaluate_classifier
    plot_confusion_matrix(cm, run_cfg.CLASS_NAMES_3CLASS, plots_dir)
  File "/Users/apple/Downloads/ANOMOLY_DETECTION_FOR_IOT/src/evaluation/visualizer.py", line 111, in plot_confusion_matrix
    txt_color = TEXT if cm_pct[i, j] < 60 else BG
                        ~~~~~~^^^^^^
IndexError: index 2 is out of bounds for axis 1 with size 2
