2026-05-25 08:03:31,778 [INFO] MAIN:  Starting GAN + BERT Hybrid Anomaly Detection
2026-05-25 08:03:31,778 [INFO] MAIN:  Device: cpu | CPU threads: 2
2026-05-25 08:03:31,778 [INFO] src.data_processing.preprocessor:  Loading dataset from: /Users/apple/Downloads/ANOMOLY_DETECTION_FOR_IOT/02-14-2018.csv
2026-05-25 08:03:40,466 [INFO] src.data_processing.preprocessor:    Raw shape: (1048575, 80)
2026-05-25 08:03:41,233 [INFO] src.data_processing.preprocessor:    After stratified sampling: (29998, 80)
2026-05-25 08:03:41,264 [INFO] src.data_processing.preprocessor:    Label distribution:
binary_label
0    19100
1    10898
2026-05-25 08:03:41,328 [INFO] src.data_processing.preprocessor:    Features after cleaning: 78
2026-05-25 08:03:41,392 [INFO] src.data_processing.preprocessor:    Train=20998  Val=3000  Test=6000
2026-05-25 08:03:41,460 [INFO] src.data_processing.preprocessor:  Preprocessing complete. Artifacts saved to: /Users/apple/Downloads/ANOMOLY_DETECTION_FOR_IOT/data/processed
2026-05-25 08:03:41,466 [INFO] MAIN:  Training Baseline Classifier...
2026-05-25 08:03:41,503 [INFO] src.training.train_classifier:  Classifier Training | Augmented train size: 20998
2026-05-25 08:03:42,515 [INFO] src.training.train_classifier:   [Epoch  1/10]  tr_loss=0.7099  vl_loss=0.6512  tr_acc=0.3633  vl_acc=0.3633  vl_f1=0.5330
2026-05-25 08:03:44,920 [INFO] src.training.train_classifier:   [Epoch  5/10]  tr_loss=0.6423  vl_loss=0.6415  tr_acc=0.3633  vl_acc=0.3633  vl_f1=0.5330
2026-05-25 08:03:46,513 [INFO] src.training.train_classifier:    Early stopping at epoch 8 (best val_f1=0.5330)
2026-05-25 08:03:46,523 [INFO] src.training.train_classifier:  Classifier saved to: /Users/apple/Downloads/ANOMOLY_DETECTION_FOR_IOT/results/models
2026-05-25 08:03:46,583 [INFO] src.evaluation.metrics:  base_Metrics:
2026-05-25 08:03:46,583 [INFO] src.evaluation.metrics:    base_accuracy                       0.3633
2026-05-25 08:03:46,583 [INFO] src.evaluation.metrics:    base_precision                      0.3633
2026-05-25 08:03:46,583 [INFO] src.evaluation.metrics:    base_recall                         1.0000
2026-05-25 08:03:46,583 [INFO] src.evaluation.metrics:    base_f1_score                       0.5330
2026-05-25 08:03:46,584 [INFO] src.evaluation.metrics:    base_roc_auc                        1.0000
2026-05-25 08:03:46,584 [INFO] src.evaluation.metrics:    base_pr_auc                         1.0000
2026-05-25 08:03:46,584 [INFO] src.evaluation.metrics:    base_Benign_precision               0.0000
2026-05-25 08:03:46,584 [INFO] src.evaluation.metrics:    base_Benign_recall                  0.0000
2026-05-25 08:03:46,584 [INFO] src.evaluation.metrics:    base_Benign_f1                      0.0000
2026-05-25 08:03:46,584 [INFO] src.evaluation.metrics:    base_Anomaly_precision              0.3633
2026-05-25 08:03:46,584 [INFO] src.evaluation.metrics:    base_Anomaly_recall                 1.0000
2026-05-25 08:03:46,584 [INFO] src.evaluation.metrics:    base_Anomaly_f1                     0.5330
2026-05-25 08:03:46,584 [INFO] MAIN:  Training GAN for Data Augmentation...
2026-05-25 08:03:46,596 [INFO] src.training.train_gan:  GAN Training | Anomaly samples: 7628 | Epochs: 25
2026-05-25 08:03:47,235 [INFO] src.training.train_gan:   [Epoch   1/25]  G_loss=0.6990  D_loss=0.6644
2026-05-25 08:03:59,935 [INFO] src.training.train_gan:   [Epoch  20/25]  G_loss=0.9897  D_loss=0.4444
2026-05-25 08:04:03,308 [INFO] src.training.train_gan:  GAN done. Generated 1000 synthetic anomaly samples.
2026-05-25 08:04:03,638 [INFO] src.evaluation.visualizer:     Saved: /Users/apple/Downloads/ANOMOLY_DETECTION_FOR_IOT/results/plots/gan_loss_curves.png
2026-05-25 08:04:03,639 [INFO] MAIN:  Training GAN-Augmented Classifier...
2026-05-25 08:04:03,649 [INFO] src.training.train_classifier:  Classifier Training | Augmented train size: 21998
2026-05-25 08:04:04,173 [INFO] src.training.train_classifier:   [Epoch  1/10]  tr_loss=0.6943  vl_loss=0.6327  tr_acc=0.3922  vl_acc=0.3633  vl_f1=0.5330
2026-05-25 08:04:06,579 [INFO] src.training.train_classifier:   [Epoch  5/10]  tr_loss=0.6129  vl_loss=0.6183  tr_acc=0.3922  vl_acc=0.3633  vl_f1=0.5330
2026-05-25 08:04:08,172 [INFO] src.training.train_classifier:    Early stopping at epoch 8 (best val_f1=0.5330)
2026-05-25 08:04:08,178 [INFO] src.training.train_classifier:  Classifier saved to: /Users/apple/Downloads/ANOMOLY_DETECTION_FOR_IOT/results/models
2026-05-25 08:04:08,880 [INFO] src.evaluation.visualizer:     Saved: /Users/apple/Downloads/ANOMOLY_DETECTION_FOR_IOT/results/plots/classifier_training_history.png
2026-05-25 08:04:08,880 [INFO] MAIN:  Evaluating Final Model...
2026-05-25 08:04:08,930 [INFO] src.evaluation.metrics:  Metrics:
2026-05-25 08:04:08,930 [INFO] src.evaluation.metrics:    accuracy                            0.3633
2026-05-25 08:04:08,930 [INFO] src.evaluation.metrics:    precision                           0.3633
2026-05-25 08:04:08,930 [INFO] src.evaluation.metrics:    recall                              1.0000
2026-05-25 08:04:08,930 [INFO] src.evaluation.metrics:    f1_score                            0.5330
2026-05-25 08:04:08,931 [INFO] src.evaluation.metrics:    roc_auc                             1.0000
2026-05-25 08:04:08,931 [INFO] src.evaluation.metrics:    pr_auc                              1.0000
2026-05-25 08:04:08,931 [INFO] src.evaluation.metrics:    Benign_precision                    0.0000
2026-05-25 08:04:08,931 [INFO] src.evaluation.metrics:    Benign_recall                       0.0000
2026-05-25 08:04:08,931 [INFO] src.evaluation.metrics:    Benign_f1                           0.0000
2026-05-25 08:04:08,931 [INFO] src.evaluation.metrics:    Anomaly_precision                   0.3633
2026-05-25 08:04:08,932 [INFO] src.evaluation.metrics:    Anomaly_recall                      1.0000
2026-05-25 08:04:08,932 [INFO] src.evaluation.metrics:    Anomaly_f1                          0.5330
2026-05-25 08:04:09,190 [INFO] src.evaluation.visualizer:     Saved: /Users/apple/Downloads/ANOMOLY_DETECTION_FOR_IOT/results/plots/confusion_matrix.png
2026-05-25 08:04:09,827 [INFO] src.evaluation.visualizer:     Saved: /Users/apple/Downloads/ANOMOLY_DETECTION_FOR_IOT/results/plots/roc_pr_curves.png
2026-05-25 08:04:10,065 [INFO] src.evaluation.visualizer:     Saved: /Users/apple/Downloads/ANOMOLY_DETECTION_FOR_IOT/results/plots/per_class_heatmap.png
2026-05-25 08:04:10,071 [INFO] src.evaluation.metrics: 
 Model Comparison Table:
                     Accuracy Precision  Recall F1 Score Roc Auc  Pr Auc
Model                                                                   
Baseline (MLP)         0.3633    0.3633  1.0000   0.5330  1.0000  1.0000
GAN-Augmented Hybrid   0.3633    0.3633  1.0000   0.5330  1.0000  1.0000
2026-05-25 08:04:10,366 [INFO] src.evaluation.visualizer:     Saved: /Users/apple/Downloads/ANOMOLY_DETECTION_FOR_IOT/results/plots/metric_comparison.png
2026-05-25 08:04:10,366 [INFO] MAIN:  Initializing BERT Explainer...
2026-05-25 08:04:19,683 [WARNING] huggingface_hub.file_download: Xet Storage is enabled for this repo, but the 'hf_xet' package is not installed. Falling back to regular HTTP download. For better performance, install the package with: `pip install huggingface_hub[hf_xet]` or `pip install hf_xet`
2026-05-25 08:13:05,851 [WARNING] huggingface_hub.file_download: Error while downloading from https://huggingface.co/bert-base-uncased/resolve/main/model.safetensors: HTTPSConnectionPool(host='cas-bridge.xethub.hf.co', port=443): Read timed out.
Trying to resume download...
2026-05-25 08:13:32,231 [INFO] src.explainability.bert_explainer:  BERT model loaded: bert-base-uncased
2026-05-25 08:13:32,231 [INFO] src.explainability.bert_explainer:  Fine-tuning BERT on 1000 samples...
2026-05-25 08:23:45,949 [INFO] src.explainability.bert_explainer:   BERT [Epoch 1/1]  loss=0.3621  val_acc=0.9900
2026-05-25 08:23:48,028 [INFO] src.explainability.bert_explainer:  BERT fine-tuning complete. Best val_acc=0.9900
2026-05-25 08:23:48,197 [INFO] MAIN:  Generating BERT Explanations for Test Samples...
2026-05-25 08:23:48,200 [INFO] MAIN:  Generating Final Reports...
2026-05-25 08:23:48,207 [INFO] src.evaluation.visualizer:  HTML Report saved: /Users/apple/Downloads/ANOMOLY_DETECTION_FOR_IOT/results/reports/explanation_report.html
2026-05-25 08:23:48,218 [INFO] src.evaluation.visualizer:  JSON Results saved: /Users/apple/Downloads/ANOMOLY_DETECTION_FOR_IOT/results/reports/results.json
2026-05-25 08:23:48,219 [INFO] MAIN:  Pipeline Execution Complete!
2026-05-25 08:23:48,219 [INFO] MAIN:  Report available at: /Users/apple/Downloads/ANOMOLY_DETECTION_FOR_IOT/results/reports/explanation_report.html
