2026-07-09 21:09:13,950 [INFO] MAIN:  Starting GAN + CTGAN + DistilBERT IoT Anomaly Detection Pipeline
2026-07-09 21:09:13,952 [INFO] MAIN:  Device: cpu | CPU threads: 2
2026-07-09 21:09:13,952 [INFO] src.data_processing.preprocessor:  Loading dataset from: /Users/apple/Documents/GitHub/Anomoly_Detection_for_IOT/combined_dataset.csv
2026-07-09 21:09:25,507 [INFO] src.data_processing.preprocessor:    Raw shape: (1048675, 80)
2026-07-09 21:09:26,487 [INFO] src.data_processing.preprocessor:    After stratified sampling: (4998, 80)
2026-07-09 21:09:26,506 [INFO] src.data_processing.preprocessor:    Attack types mapped in CSV: ['Botnet', 'Malware']
2026-07-09 21:09:26,508 [INFO] src.data_processing.preprocessor:    3-class distribution:
label_3class
0    4749
1     197
2      52
2026-07-09 21:09:26,519 [INFO] src.data_processing.preprocessor:    Benign cap applied: 4749 → 747 rows (ratio=3.0x minority)
2026-07-09 21:09:26,520 [INFO] src.data_processing.preprocessor:    Balanced 3-class distribution:
label_3class
0    747
1    197
2     52
2026-07-09 21:09:26,570 [INFO] src.data_processing.preprocessor:    Features after cleaning: 77
2026-07-09 21:09:26,583 [INFO] src.data_processing.preprocessor:    Train=696  Val=100  Test=200
2026-07-09 21:09:26,602 [INFO] src.data_processing.preprocessor:  Preprocessing complete. Artifacts saved to: /Users/apple/Documents/GitHub/Anomoly_Detection_for_IOT/data/processed
2026-07-09 21:09:26,604 [INFO] MAIN:  Class distribution in train: Benign=522  Botnet=137  Malware=37
2026-07-09 21:09:26,604 [INFO] MAIN:  Class distribution in test: Benign=150  Botnet=40  Malware=10
2026-07-09 21:09:26,605 [INFO] MAIN:  Training Baseline Tabular MLP...
2026-07-09 21:09:26,651 [INFO] src.training.train_classifier:  Classifier Training | Augmented train size: 696  (real=696  synth=0)
2026-07-09 21:09:26,659 [INFO] src.training.train_classifier:  Class weights → Benign=0.159  Botnet=0.604  Malware=2.237
2026-07-09 21:09:26,660 [INFO] src.training.train_classifier:  CrossEntropyLoss | label_smoothing=0.10
2026-07-09 21:09:26,667 [INFO] src.training.train_classifier:  EarlyStopping patience=15 | OneCycleLR pct_start=0.10
2026-07-09 21:09:26,886 [INFO] src.training.train_classifier:   [Epoch  1/50]  tr_loss=1.4873  vl_loss=1.3008  tr_acc=0.2328  vl_acc=0.2000  vl_f1_macro=0.1111
2026-07-09 21:09:27,172 [INFO] src.training.train_classifier:   [Epoch  5/50]  tr_loss=0.9754  vl_loss=0.9964  tr_acc=0.4971  vl_acc=0.5600  vl_f1_macro=0.6544
2026-07-09 21:09:27,486 [INFO] src.training.train_classifier:   [Epoch 10/50]  tr_loss=0.7089  vl_loss=0.6643  tr_acc=0.9080  vl_acc=0.9700  vl_f1_macro=0.9163
2026-07-09 21:09:27,781 [INFO] src.training.train_classifier:   [Epoch 15/50]  tr_loss=0.6655  vl_loss=0.6589  tr_acc=0.9555  vl_acc=0.9900  vl_f1_macro=0.9675
2026-07-09 21:09:28,093 [INFO] src.training.train_classifier:   [Epoch 20/50]  tr_loss=0.6388  vl_loss=0.6409  tr_acc=0.9813  vl_acc=0.9800  vl_f1_macro=0.9399
2026-07-09 21:09:28,386 [INFO] src.training.train_classifier:   [Epoch 25/50]  tr_loss=0.6432  vl_loss=0.6461  tr_acc=0.9828  vl_acc=0.9800  vl_f1_macro=0.9399
2026-07-09 21:09:28,670 [INFO] src.training.train_classifier:   [Epoch 30/50]  tr_loss=0.6336  vl_loss=0.6395  tr_acc=0.9842  vl_acc=0.9800  vl_f1_macro=0.9399
2026-07-09 21:09:28,670 [INFO] src.training.train_classifier:    Early stopping at epoch 30 (best val_f1=0.9675)
2026-07-09 21:09:28,789 [INFO] src.training.train_classifier:  Classifier saved to: /Users/apple/Documents/GitHub/Anomoly_Detection_for_IOT/results/models/classifier_baseline.pt
2026-07-09 21:09:29,431 [INFO] src.evaluation.visualizer:     Saved: /Users/apple/Documents/GitHub/Anomoly_Detection_for_IOT/results/models/classifier_training_history.png
2026-07-09 21:09:29,469 [INFO] src.evaluation.metrics:  Metrics:
2026-07-09 21:09:29,469 [INFO] src.evaluation.metrics:    accuracy                                 0.9700
2026-07-09 21:09:29,469 [INFO] src.evaluation.metrics:    balanced_accuracy                        0.9556
2026-07-09 21:09:29,469 [INFO] src.evaluation.metrics:    precision                                0.8787
2026-07-09 21:09:29,469 [INFO] src.evaluation.metrics:    recall                                   0.9556
2026-07-09 21:09:29,470 [INFO] src.evaluation.metrics:    f1_score                                 0.9099
2026-07-09 21:09:29,470 [INFO] src.evaluation.metrics:    n_predicted_anomaly                      54
2026-07-09 21:09:29,470 [INFO] src.evaluation.metrics:    n_true_anomaly                           50
2026-07-09 21:09:29,470 [INFO] src.evaluation.metrics:    false_positive_rate                      0.0333
2026-07-09 21:09:29,470 [INFO] src.evaluation.metrics:    roc_auc                                  0.9983
2026-07-09 21:09:29,470 [INFO] src.evaluation.metrics:    Benign_precision                         0.9932
2026-07-09 21:09:29,471 [INFO] src.evaluation.metrics:    Benign_recall                            0.9667
2026-07-09 21:09:29,472 [INFO] src.evaluation.metrics:    Benign_f1                                0.9797
2026-07-09 21:09:29,472 [INFO] src.evaluation.metrics:    Botnet_precision                         1.0000
2026-07-09 21:09:29,473 [INFO] src.evaluation.metrics:    Botnet_recall                            1.0000
2026-07-09 21:09:29,473 [INFO] src.evaluation.metrics:    Botnet_f1                                1.0000
2026-07-09 21:09:29,473 [INFO] src.evaluation.metrics:    Malware_precision                        0.6429
2026-07-09 21:09:29,473 [INFO] src.evaluation.metrics:    Malware_recall                           0.9000
2026-07-09 21:09:29,473 [INFO] src.evaluation.metrics:    Malware_f1                               0.7500
2026-07-09 21:09:29,750 [INFO] src.evaluation.visualizer:     Saved: /Users/apple/Documents/GitHub/Anomoly_Detection_for_IOT/results/models/confusion_matrix.png
2026-07-09 21:09:30,245 [INFO] src.evaluation.visualizer:     Saved: /Users/apple/Documents/GitHub/Anomoly_Detection_for_IOT/results/models/roc_pr_curves.png
2026-07-09 21:09:30,454 [INFO] src.evaluation.visualizer:     Saved: /Users/apple/Documents/GitHub/Anomoly_Detection_for_IOT/results/models/per_class_heatmap.png
2026-07-09 21:09:30,454 [INFO] MAIN:  [Simple GAN] Training Class Generators...
2026-07-09 21:09:30,454 [INFO] src.training.train_gan:  Starting WGAN-GP Training. Minority classes: [1, 2]
2026-07-09 21:09:30,454 [INFO] src.training.train_gan:  --- WGAN-GP for Class 1 | Samples: 137 | Epochs: 50 ---
2026-07-09 21:09:30,590 [INFO] src.training.train_gan:   [WGAN-GP Class 1 | Ep   1/50]  G=0.2301  C=2.1867
2026-07-09 21:09:31,427 [INFO] src.training.train_gan:   [WGAN-GP Class 1 | Ep  10/50]  G=1.5294  C=-3.0882
2026-07-09 21:09:32,515 [INFO] src.training.train_gan:   [WGAN-GP Class 1 | Ep  20/50]  G=2.1640  C=-4.1709
2026-07-09 21:09:33,442 [INFO] src.training.train_gan:   [WGAN-GP Class 1 | Ep  30/50]  G=2.4427  C=-4.4925
2026-07-09 21:09:34,313 [INFO] src.training.train_gan:   [WGAN-GP Class 1 | Ep  40/50]  G=2.4742  C=-4.4698
2026-07-09 21:09:35,174 [INFO] src.training.train_gan:   [WGAN-GP Class 1 | Ep  50/50]  G=2.5210  C=-4.3320
2026-07-09 21:09:35,318 [INFO] src.training.train_ctgan:  CTGAN Mahalanobis filter (p95): kept 9500 / 10000 samples (95.0%)
2026-07-09 21:09:35,319 [INFO] src.training.train_gan:  WGAN-GP Class 1: kept 9500 / 10000 synthetic samples (95.0%)
2026-07-09 21:09:35,331 [INFO] src.training.train_gan:  --- WGAN-GP for Class 2 | Samples: 37 | Epochs: 50 ---
2026-07-09 21:09:35,404 [INFO] src.training.train_gan:   [WGAN-GP Class 2 | Ep   1/50]  G=-0.0275  C=2.0945
2026-07-09 21:09:35,835 [INFO] src.training.train_gan:   [WGAN-GP Class 2 | Ep  10/50]  G=-0.6855  C=-12.4556
2026-07-09 21:09:36,325 [INFO] src.training.train_gan:   [WGAN-GP Class 2 | Ep  20/50]  G=-1.6036  C=-14.3705
2026-07-09 21:09:36,853 [INFO] src.training.train_gan:   [WGAN-GP Class 2 | Ep  30/50]  G=-2.0598  C=-15.0091
2026-07-09 21:09:37,353 [INFO] src.training.train_gan:   [WGAN-GP Class 2 | Ep  40/50]  G=-2.4552  C=-15.4029
2026-07-09 21:09:37,854 [INFO] src.training.train_gan:   [WGAN-GP Class 2 | Ep  50/50]  G=-2.8162  C=-14.8717
2026-07-09 21:09:37,995 [INFO] src.training.train_ctgan:  CTGAN Mahalanobis filter (p95): kept 9500 / 10000 samples (95.0%)
2026-07-09 21:09:37,996 [INFO] src.training.train_gan:  WGAN-GP Class 2: kept 9500 / 10000 synthetic samples (95.0%)
2026-07-09 21:09:38,007 [INFO] src.training.train_gan:  WGAN-GP training complete. Total synthetic: 19000 samples
2026-07-09 21:09:38,311 [INFO] src.evaluation.visualizer:     Saved: /Users/apple/Documents/GitHub/Anomoly_Detection_for_IOT/results/simple_gan/plots/gan_loss_curves.png
2026-07-09 21:09:38,879 [INFO] src.evaluation.visualizer:     Saved: /Users/apple/Documents/GitHub/Anomoly_Detection_for_IOT/results/simple_gan/plots/pca_synthetic.png
2026-07-09 21:09:39,072 [INFO] src.evaluation.visualizer:     Saved: /Users/apple/Documents/GitHub/Anomoly_Detection_for_IOT/results/simple_gan/plots/class_distribution_comparison.png
2026-07-09 21:09:39,072 [INFO] MAIN:  [Simple GAN] Training augmented tabular classifier...
2026-07-09 21:09:39,084 [INFO] src.training.train_classifier:  Classifier Training | Augmented train size: 19696  (real=696  synth=19000)
2026-07-09 21:09:39,085 [INFO] src.training.train_classifier:  Class weights → Benign=2.705  Botnet=0.147  Malware=0.148
2026-07-09 21:09:39,085 [INFO] src.training.train_classifier:  CrossEntropyLoss | label_smoothing=0.10
2026-07-09 21:09:39,088 [INFO] src.training.train_classifier:  EarlyStopping patience=15 | OneCycleLR pct_start=0.10
2026-07-09 21:09:40,184 [INFO] src.training.train_classifier:   [Epoch  1/50]  tr_loss=1.8355  vl_loss=0.5527  tr_acc=0.4246  vl_acc=0.7900  vl_f1_macro=0.5887
2026-07-09 21:09:44,815 [INFO] src.training.train_classifier:   [Epoch  5/50]  tr_loss=0.8451  vl_loss=0.0554  tr_acc=0.9630  vl_acc=0.9700  vl_f1_macro=0.9389
2026-07-09 21:09:51,024 [INFO] src.training.train_classifier:   [Epoch 10/50]  tr_loss=0.8252  vl_loss=0.0513  tr_acc=0.9911  vl_acc=0.9900  vl_f1_macro=0.9608
2026-07-09 21:09:56,908 [INFO] src.training.train_classifier:   [Epoch 15/50]  tr_loss=0.8282  vl_loss=0.0506  tr_acc=0.9937  vl_acc=0.9900  vl_f1_macro=0.9608
2026-07-09 21:10:03,827 [INFO] src.training.train_classifier:   [Epoch 20/50]  tr_loss=0.8266  vl_loss=0.0508  tr_acc=0.9959  vl_acc=0.9900  vl_f1_macro=0.9608
2026-07-09 21:10:06,148 [INFO] src.training.train_classifier:    Early stopping at epoch 22 (best val_f1=0.9608)
2026-07-09 21:10:06,155 [INFO] src.training.train_classifier:  Classifier saved to: /Users/apple/Documents/GitHub/Anomoly_Detection_for_IOT/results/simple_gan/models/classifier_gan.pt
2026-07-09 21:10:06,852 [INFO] src.evaluation.visualizer:     Saved: /Users/apple/Documents/GitHub/Anomoly_Detection_for_IOT/results/simple_gan/plots/classifier_training_history.png
2026-07-09 21:10:06,890 [INFO] src.evaluation.metrics:  Metrics:
2026-07-09 21:10:06,891 [INFO] src.evaluation.metrics:    accuracy                                 0.9650
2026-07-09 21:10:06,891 [INFO] src.evaluation.metrics:    balanced_accuracy                        0.8417
2026-07-09 21:10:06,891 [INFO] src.evaluation.metrics:    precision                                0.9851
2026-07-09 21:10:06,891 [INFO] src.evaluation.metrics:    recall                                   0.8417
2026-07-09 21:10:06,892 [INFO] src.evaluation.metrics:    f1_score                                 0.8961
2026-07-09 21:10:06,892 [INFO] src.evaluation.metrics:    n_predicted_anomaly                      43
2026-07-09 21:10:06,892 [INFO] src.evaluation.metrics:    n_true_anomaly                           50
2026-07-09 21:10:06,892 [INFO] src.evaluation.metrics:    false_positive_rate                      0.0000
2026-07-09 21:10:06,892 [INFO] src.evaluation.metrics:    roc_auc                                  0.9577
2026-07-09 21:10:06,892 [INFO] src.evaluation.metrics:    Benign_precision                         0.9554
2026-07-09 21:10:06,892 [INFO] src.evaluation.metrics:    Benign_recall                            1.0000
2026-07-09 21:10:06,893 [INFO] src.evaluation.metrics:    Benign_f1                                0.9772
2026-07-09 21:10:06,893 [INFO] src.evaluation.metrics:    Botnet_precision                         1.0000
2026-07-09 21:10:06,893 [INFO] src.evaluation.metrics:    Botnet_recall                            0.9250
2026-07-09 21:10:06,893 [INFO] src.evaluation.metrics:    Botnet_f1                                0.9610
2026-07-09 21:10:06,893 [INFO] src.evaluation.metrics:    Malware_precision                        1.0000
2026-07-09 21:10:06,893 [INFO] src.evaluation.metrics:    Malware_recall                           0.6000
2026-07-09 21:10:06,894 [INFO] src.evaluation.metrics:    Malware_f1                               0.7500
2026-07-09 21:10:07,319 [INFO] src.evaluation.visualizer:     Saved: /Users/apple/Documents/GitHub/Anomoly_Detection_for_IOT/results/simple_gan/plots/confusion_matrix.png
2026-07-09 21:10:07,815 [INFO] src.evaluation.visualizer:     Saved: /Users/apple/Documents/GitHub/Anomoly_Detection_for_IOT/results/simple_gan/plots/roc_pr_curves.png
2026-07-09 21:10:08,001 [INFO] src.evaluation.visualizer:     Saved: /Users/apple/Documents/GitHub/Anomoly_Detection_for_IOT/results/simple_gan/plots/per_class_heatmap.png
2026-07-09 21:10:08,001 [INFO] MAIN:  [CTGAN] Training Class Generators...
2026-07-09 21:10:08,001 [ERROR] MAIN:  Pipeline failed: No module named 'ctgan'
Traceback (most recent call last):
  File "/Users/apple/Documents/GitHub/Anomoly_Detection_for_IOT/main.py", line 330, in <module>
    main()
  File "/Users/apple/Documents/GitHub/Anomoly_Detection_for_IOT/main.py", line 148, in main
    ctgan_results = train_ctgan(config, data["X_train"], data["y_train"], data["feature_names"])
                    ^^^^^^^^^^^^^^^^^^^^^^^^^^^^^^^^^^^^^^^^^^^^^^^^^^^^^^^^^^^^^^^^^^^^^^^^^^^^
  File "/Users/apple/Documents/GitHub/Anomoly_Detection_for_IOT/src/training/train_ctgan.py", line 59, in train_ctgan
    from ctgan import CTGAN
ModuleNotFoundError: No module named 'ctgan'
