2026-05-25 09:14:52,673 [INFO] MAIN:  Starting GAN + CTGAN + BERT IoT Anomaly Detection
2026-05-25 09:14:52,674 [INFO] MAIN:  Device: cpu | CPU threads: 2
2026-05-25 09:14:52,674 [INFO] src.data_processing.preprocessor:  Loading dataset from: /Users/apple/Downloads/ANOMOLY_DETECTION_FOR_IOT/02-14-2018.csv
2026-05-25 09:15:01,539 [INFO] src.data_processing.preprocessor:    Raw shape: (1048575, 80)
2026-05-25 09:15:02,392 [INFO] src.data_processing.preprocessor:    After stratified sampling: (29998, 80)
2026-05-25 09:15:02,425 [INFO] src.data_processing.preprocessor:    Label distribution:
binary_label
0    19100
1    10898
2026-05-25 09:15:02,484 [INFO] src.data_processing.preprocessor:    Features after cleaning: 78
2026-05-25 09:15:02,545 [INFO] src.data_processing.preprocessor:    Train=20998  Val=3000  Test=6000
2026-05-25 09:15:02,611 [INFO] src.data_processing.preprocessor:  Preprocessing complete. Artifacts saved to: /Users/apple/Downloads/ANOMOLY_DETECTION_FOR_IOT/data/processed
2026-05-25 09:15:02,618 [INFO] MAIN:  Training Baseline Classifier...
2026-05-25 09:15:02,627 [INFO] src.training.train_classifier:  Classifier Training | Augmented train size: 20998
2026-05-25 09:15:03,599 [INFO] src.training.train_classifier:   [Epoch  1/10]  tr_loss=0.7099  vl_loss=0.6516  tr_acc=0.3633  vl_acc=0.3633  vl_f1=0.5330
2026-05-25 09:15:05,674 [INFO] src.training.train_classifier:   [Epoch  5/10]  tr_loss=0.6419  vl_loss=0.6414  tr_acc=0.3633  vl_acc=0.3633  vl_f1=0.5330
2026-05-25 09:15:07,723 [INFO] src.training.train_classifier:    Early stopping at epoch 8 (best val_f1=0.5330)
2026-05-25 09:15:07,733 [INFO] src.training.train_classifier:  Classifier saved to: /Users/apple/Downloads/ANOMOLY_DETECTION_FOR_IOT/results/models/classifier_baseline.pt
2026-05-25 09:15:07,796 [INFO] src.evaluation.metrics:  base_Metrics:
2026-05-25 09:15:07,796 [INFO] src.evaluation.metrics:    base_accuracy                       0.3633
2026-05-25 09:15:07,797 [INFO] src.evaluation.metrics:    base_precision                      0.3633
2026-05-25 09:15:07,797 [INFO] src.evaluation.metrics:    base_recall                         1.0000
2026-05-25 09:15:07,797 [INFO] src.evaluation.metrics:    base_f1_score                       0.5330
2026-05-25 09:15:07,797 [INFO] src.evaluation.metrics:    base_roc_auc                        1.0000
2026-05-25 09:15:07,797 [INFO] src.evaluation.metrics:    base_pr_auc                         0.9999
2026-05-25 09:15:07,797 [INFO] src.evaluation.metrics:    base_Benign_precision               0.0000
2026-05-25 09:15:07,797 [INFO] src.evaluation.metrics:    base_Benign_recall                  0.0000
2026-05-25 09:15:07,797 [INFO] src.evaluation.metrics:    base_Benign_f1                      0.0000
2026-05-25 09:15:07,797 [INFO] src.evaluation.metrics:    base_Anomaly_precision              0.3633
2026-05-25 09:15:07,797 [INFO] src.evaluation.metrics:    base_Anomaly_recall                 1.0000
2026-05-25 09:15:07,797 [INFO] src.evaluation.metrics:    base_Anomaly_f1                     0.5330
2026-05-25 09:15:07,797 [INFO] MAIN:  [Simple GAN] Training...
2026-05-25 09:15:07,808 [INFO] src.training.train_gan:  GAN Training | Anomaly samples: 7628 | Epochs: 25
2026-05-25 09:15:08,764 [INFO] src.training.train_gan:   [Epoch   1/25]  G_loss=0.6718  D_loss=0.6679
2026-05-25 09:15:19,412 [INFO] src.training.train_gan:   [Epoch  20/25]  G_loss=1.0289  D_loss=0.4258
2026-05-25 09:15:22,112 [INFO] src.training.train_gan:  GAN done. Generated 1000 synthetic anomaly samples.
2026-05-25 09:15:22,366 [INFO] src.evaluation.visualizer:     Saved: /Users/apple/Downloads/ANOMOLY_DETECTION_FOR_IOT/results/simple_gan/plots/gan_loss_curves.png
2026-05-25 09:15:22,366 [INFO] MAIN:  [Simple GAN] Training augmented classifier...
2026-05-25 09:15:22,377 [INFO] src.training.train_classifier:  Classifier Training | Augmented train size: 21998
2026-05-25 09:15:23,214 [INFO] src.training.train_classifier:   [Epoch  1/10]  tr_loss=0.6740  vl_loss=0.6259  tr_acc=0.3922  vl_acc=0.3633  vl_f1=0.5330
2026-05-25 09:15:25,236 [INFO] src.training.train_classifier:   [Epoch  5/10]  tr_loss=0.6127  vl_loss=0.6182  tr_acc=0.3922  vl_acc=0.3633  vl_f1=0.5330
2026-05-25 09:15:26,663 [INFO] src.training.train_classifier:    Early stopping at epoch 8 (best val_f1=0.5330)
2026-05-25 09:15:26,666 [INFO] src.training.train_classifier:  Classifier saved to: /Users/apple/Downloads/ANOMOLY_DETECTION_FOR_IOT/results/simple_gan/models/classifier_gan.pt
2026-05-25 09:15:27,227 [INFO] src.evaluation.visualizer:     Saved: /Users/apple/Downloads/ANOMOLY_DETECTION_FOR_IOT/results/simple_gan/plots/classifier_training_history.png
2026-05-25 09:15:27,227 [INFO] MAIN:  [Simple GAN] Evaluating...
2026-05-25 09:15:27,273 [INFO] src.evaluation.metrics:  Metrics:
2026-05-25 09:15:27,273 [INFO] src.evaluation.metrics:    accuracy                            0.3633
2026-05-25 09:15:27,274 [INFO] src.evaluation.metrics:    precision                           0.3633
2026-05-25 09:15:27,274 [INFO] src.evaluation.metrics:    recall                              1.0000
2026-05-25 09:15:27,274 [INFO] src.evaluation.metrics:    f1_score                            0.5330
2026-05-25 09:15:27,274 [INFO] src.evaluation.metrics:    roc_auc                             1.0000
2026-05-25 09:15:27,274 [INFO] src.evaluation.metrics:    pr_auc                              1.0000
2026-05-25 09:15:27,274 [INFO] src.evaluation.metrics:    Benign_precision                    0.0000
2026-05-25 09:15:27,274 [INFO] src.evaluation.metrics:    Benign_recall                       0.0000
2026-05-25 09:15:27,274 [INFO] src.evaluation.metrics:    Benign_f1                           0.0000
2026-05-25 09:15:27,274 [INFO] src.evaluation.metrics:    Anomaly_precision                   0.3633
2026-05-25 09:15:27,274 [INFO] src.evaluation.metrics:    Anomaly_recall                      1.0000
2026-05-25 09:15:27,274 [INFO] src.evaluation.metrics:    Anomaly_f1                          0.5330
2026-05-25 09:15:27,498 [INFO] src.evaluation.visualizer:     Saved: /Users/apple/Downloads/ANOMOLY_DETECTION_FOR_IOT/results/simple_gan/plots/confusion_matrix.png
2026-05-25 09:15:27,917 [INFO] src.evaluation.visualizer:     Saved: /Users/apple/Downloads/ANOMOLY_DETECTION_FOR_IOT/results/simple_gan/plots/roc_pr_curves.png
2026-05-25 09:15:28,094 [INFO] src.evaluation.visualizer:     Saved: /Users/apple/Downloads/ANOMOLY_DETECTION_FOR_IOT/results/simple_gan/plots/per_class_heatmap.png
2026-05-25 09:15:28,094 [INFO] MAIN:  [CTGAN] Training...
2026-05-25 09:15:28,433 [INFO] src.training.train_ctgan:  CTGAN Training | Anomaly samples: 7628 | Epochs: 25 | Batch: 500
2026-05-25 09:15:29,162 [INFO] rdt.transformers.null: Guidance: There are no missing values in column Dst Port. Extra column not created.
2026-05-25 09:15:29,307 [INFO] rdt.transformers.null: Guidance: There are no missing values in column Protocol. Extra column not created.
2026-05-25 09:15:29,330 [INFO] rdt.transformers.null: Guidance: There are no missing values in column Flow Duration. Extra column not created.
2026-05-25 09:15:29,588 [INFO] rdt.transformers.null: Guidance: There are no missing values in column Tot Fwd Pkts. Extra column not created.
2026-05-25 09:15:29,685 [INFO] rdt.transformers.null: Guidance: There are no missing values in column Tot Bwd Pkts. Extra column not created.
2026-05-25 09:15:29,852 [INFO] rdt.transformers.null: Guidance: There are no missing values in column TotLen Fwd Pkts. Extra column not created.
2026-05-25 09:15:29,924 [INFO] rdt.transformers.null: Guidance: There are no missing values in column TotLen Bwd Pkts. Extra column not created.
2026-05-25 09:15:29,946 [INFO] rdt.transformers.null: Guidance: There are no missing values in column Fwd Pkt Len Max. Extra column not created.
2026-05-25 09:15:29,969 [INFO] rdt.transformers.null: Guidance: There are no missing values in column Fwd Pkt Len Min. Extra column not created.
2026-05-25 09:15:29,991 [INFO] rdt.transformers.null: Guidance: There are no missing values in column Fwd Pkt Len Mean. Extra column not created.
2026-05-25 09:15:30,118 [INFO] rdt.transformers.null: Guidance: There are no missing values in column Fwd Pkt Len Std. Extra column not created.
2026-05-25 09:15:30,179 [INFO] rdt.transformers.null: Guidance: There are no missing values in column Bwd Pkt Len Max. Extra column not created.
2026-05-25 09:15:30,201 [INFO] rdt.transformers.null: Guidance: There are no missing values in column Bwd Pkt Len Min. Extra column not created.
2026-05-25 09:15:30,224 [INFO] rdt.transformers.null: Guidance: There are no missing values in column Bwd Pkt Len Mean. Extra column not created.
2026-05-25 09:15:30,326 [INFO] rdt.transformers.null: Guidance: There are no missing values in column Bwd Pkt Len Std. Extra column not created.
2026-05-25 09:15:30,384 [INFO] rdt.transformers.null: Guidance: There are no missing values in column Flow Byts/s. Extra column not created.
2026-05-25 09:15:30,782 [INFO] rdt.transformers.null: Guidance: There are no missing values in column Flow Pkts/s. Extra column not created.
2026-05-25 09:15:31,023 [INFO] rdt.transformers.null: Guidance: There are no missing values in column Flow IAT Mean. Extra column not created.
2026-05-25 09:15:31,408 [INFO] rdt.transformers.null: Guidance: There are no missing values in column Flow IAT Std. Extra column not created.
2026-05-25 09:15:31,905 [INFO] rdt.transformers.null: Guidance: There are no missing values in column Flow IAT Max. Extra column not created.
2026-05-25 09:15:32,296 [INFO] rdt.transformers.null: Guidance: There are no missing values in column Flow IAT Min. Extra column not created.
2026-05-25 09:15:32,691 [INFO] rdt.transformers.null: Guidance: There are no missing values in column Fwd IAT Tot. Extra column not created.
2026-05-25 09:15:32,954 [INFO] rdt.transformers.null: Guidance: There are no missing values in column Fwd IAT Mean. Extra column not created.
2026-05-25 09:15:33,355 [INFO] rdt.transformers.null: Guidance: There are no missing values in column Fwd IAT Std. Extra column not created.
2026-05-25 09:15:33,763 [INFO] rdt.transformers.null: Guidance: There are no missing values in column Fwd IAT Max. Extra column not created.
2026-05-25 09:15:34,155 [INFO] rdt.transformers.null: Guidance: There are no missing values in column Fwd IAT Min. Extra column not created.
2026-05-25 09:15:34,544 [INFO] rdt.transformers.null: Guidance: There are no missing values in column Bwd IAT Tot. Extra column not created.
2026-05-25 09:15:34,823 [INFO] rdt.transformers.null: Guidance: There are no missing values in column Bwd IAT Mean. Extra column not created.
2026-05-25 09:15:35,223 [INFO] rdt.transformers.null: Guidance: There are no missing values in column Bwd IAT Std. Extra column not created.
2026-05-25 09:15:35,612 [INFO] rdt.transformers.null: Guidance: There are no missing values in column Bwd IAT Max. Extra column not created.
2026-05-25 09:15:36,023 [INFO] rdt.transformers.null: Guidance: There are no missing values in column Bwd IAT Min. Extra column not created.
2026-05-25 09:15:36,420 [INFO] rdt.transformers.null: Guidance: There are no missing values in column Fwd PSH Flags. Extra column not created.
2026-05-25 09:15:36,442 [INFO] rdt.transformers.null: Guidance: There are no missing values in column Bwd PSH Flags. Extra column not created.
2026-05-25 09:15:36,464 [INFO] rdt.transformers.null: Guidance: There are no missing values in column Fwd URG Flags. Extra column not created.
2026-05-25 09:15:36,486 [INFO] rdt.transformers.null: Guidance: There are no missing values in column Bwd URG Flags. Extra column not created.
2026-05-25 09:15:36,507 [INFO] rdt.transformers.null: Guidance: There are no missing values in column Fwd Header Len. Extra column not created.
2026-05-25 09:15:36,618 [INFO] rdt.transformers.null: Guidance: There are no missing values in column Bwd Header Len. Extra column not created.
2026-05-25 09:15:36,818 [INFO] rdt.transformers.null: Guidance: There are no missing values in column Fwd Pkts/s. Extra column not created.
2026-05-25 09:15:37,062 [INFO] rdt.transformers.null: Guidance: There are no missing values in column Bwd Pkts/s. Extra column not created.
2026-05-25 09:15:37,310 [INFO] rdt.transformers.null: Guidance: There are no missing values in column Pkt Len Min. Extra column not created.
2026-05-25 09:15:37,331 [INFO] rdt.transformers.null: Guidance: There are no missing values in column Pkt Len Max. Extra column not created.
2026-05-25 09:15:37,354 [INFO] rdt.transformers.null: Guidance: There are no missing values in column Pkt Len Mean. Extra column not created.
2026-05-25 09:15:37,419 [INFO] rdt.transformers.null: Guidance: There are no missing values in column Pkt Len Std. Extra column not created.
2026-05-25 09:15:37,462 [INFO] rdt.transformers.null: Guidance: There are no missing values in column Pkt Len Var. Extra column not created.
2026-05-25 09:15:37,511 [INFO] rdt.transformers.null: Guidance: There are no missing values in column FIN Flag Cnt. Extra column not created.
2026-05-25 09:15:37,534 [INFO] rdt.transformers.null: Guidance: There are no missing values in column SYN Flag Cnt. Extra column not created.
2026-05-25 09:15:37,556 [INFO] rdt.transformers.null: Guidance: There are no missing values in column RST Flag Cnt. Extra column not created.
2026-05-25 09:15:37,578 [INFO] rdt.transformers.null: Guidance: There are no missing values in column PSH Flag Cnt. Extra column not created.
2026-05-25 09:15:37,601 [INFO] rdt.transformers.null: Guidance: There are no missing values in column ACK Flag Cnt. Extra column not created.
2026-05-25 09:15:37,624 [INFO] rdt.transformers.null: Guidance: There are no missing values in column URG Flag Cnt. Extra column not created.
2026-05-25 09:15:37,648 [INFO] rdt.transformers.null: Guidance: There are no missing values in column CWE Flag Count. Extra column not created.
2026-05-25 09:15:37,673 [INFO] rdt.transformers.null: Guidance: There are no missing values in column ECE Flag Cnt. Extra column not created.
2026-05-25 09:15:37,697 [INFO] rdt.transformers.null: Guidance: There are no missing values in column Down/Up Ratio. Extra column not created.
2026-05-25 09:15:37,725 [INFO] rdt.transformers.null: Guidance: There are no missing values in column Pkt Size Avg. Extra column not created.
2026-05-25 09:15:37,803 [INFO] rdt.transformers.null: Guidance: There are no missing values in column Fwd Seg Size Avg. Extra column not created.
2026-05-25 09:15:37,941 [INFO] rdt.transformers.null: Guidance: There are no missing values in column Bwd Seg Size Avg. Extra column not created.
2026-05-25 09:15:38,049 [INFO] rdt.transformers.null: Guidance: There are no missing values in column Fwd Byts/b Avg. Extra column not created.
2026-05-25 09:15:38,070 [INFO] rdt.transformers.null: Guidance: There are no missing values in column Fwd Pkts/b Avg. Extra column not created.
2026-05-25 09:15:38,091 [INFO] rdt.transformers.null: Guidance: There are no missing values in column Fwd Blk Rate Avg. Extra column not created.
2026-05-25 09:15:38,114 [INFO] rdt.transformers.null: Guidance: There are no missing values in column Bwd Byts/b Avg. Extra column not created.
2026-05-25 09:15:38,136 [INFO] rdt.transformers.null: Guidance: There are no missing values in column Bwd Pkts/b Avg. Extra column not created.
2026-05-25 09:15:38,157 [INFO] rdt.transformers.null: Guidance: There are no missing values in column Bwd Blk Rate Avg. Extra column not created.
2026-05-25 09:15:38,181 [INFO] rdt.transformers.null: Guidance: There are no missing values in column Subflow Fwd Pkts. Extra column not created.
2026-05-25 09:15:38,283 [INFO] rdt.transformers.null: Guidance: There are no missing values in column Subflow Fwd Byts. Extra column not created.
2026-05-25 09:15:38,360 [INFO] rdt.transformers.null: Guidance: There are no missing values in column Subflow Bwd Pkts. Extra column not created.
2026-05-25 09:15:38,520 [INFO] rdt.transformers.null: Guidance: There are no missing values in column Subflow Bwd Byts. Extra column not created.
2026-05-25 09:15:38,543 [INFO] rdt.transformers.null: Guidance: There are no missing values in column Init Fwd Win Byts. Extra column not created.
2026-05-25 09:15:38,565 [INFO] rdt.transformers.null: Guidance: There are no missing values in column Init Bwd Win Byts. Extra column not created.
2026-05-25 09:15:38,587 [INFO] rdt.transformers.null: Guidance: There are no missing values in column Fwd Act Data Pkts. Extra column not created.
2026-05-25 09:15:38,610 [INFO] rdt.transformers.null: Guidance: There are no missing values in column Fwd Seg Size Min. Extra column not created.
2026-05-25 09:15:38,633 [INFO] rdt.transformers.null: Guidance: There are no missing values in column Active Mean. Extra column not created.
2026-05-25 09:15:38,657 [INFO] rdt.transformers.null: Guidance: There are no missing values in column Active Std. Extra column not created.
2026-05-25 09:15:38,681 [INFO] rdt.transformers.null: Guidance: There are no missing values in column Active Max. Extra column not created.
2026-05-25 09:15:38,704 [INFO] rdt.transformers.null: Guidance: There are no missing values in column Active Min. Extra column not created.
2026-05-25 09:15:38,726 [INFO] rdt.transformers.null: Guidance: There are no missing values in column Idle Mean. Extra column not created.
2026-05-25 09:15:38,752 [INFO] rdt.transformers.null: Guidance: There are no missing values in column Idle Std. Extra column not created.
2026-05-25 09:15:38,774 [INFO] rdt.transformers.null: Guidance: There are no missing values in column Idle Max. Extra column not created.
2026-05-25 09:15:38,800 [INFO] rdt.transformers.null: Guidance: There are no missing values in column Idle Min. Extra column not created.
2026-05-25 09:16:44,487 [INFO] src.training.train_ctgan:  CTGAN model saved: /Users/apple/Downloads/ANOMOLY_DETECTION_FOR_IOT/results/ctgan/models/ctgan_model.pkl
2026-05-25 09:16:44,489 [INFO] src.training.train_ctgan:  CTGAN done. Generated 1000 synthetic anomaly samples.
2026-05-25 09:16:44,678 [INFO] src.evaluation.visualizer:     Saved: /Users/apple/Downloads/ANOMOLY_DETECTION_FOR_IOT/results/ctgan/plots/gan_loss_curves.png
2026-05-25 09:16:44,679 [INFO] MAIN:  [CTGAN] Training augmented classifier...
2026-05-25 09:16:44,692 [INFO] src.training.train_classifier:  Classifier Training | Augmented train size: 21998
2026-05-25 09:16:45,198 [INFO] src.training.train_classifier:   [Epoch  1/10]  tr_loss=0.6624  vl_loss=0.6244  tr_acc=0.3922  vl_acc=0.3633  vl_f1=0.5330
2026-05-25 09:16:47,489 [INFO] src.training.train_classifier:   [Epoch  5/10]  tr_loss=0.6126  vl_loss=0.6183  tr_acc=0.3922  vl_acc=0.3633  vl_f1=0.5330
2026-05-25 09:16:48,964 [INFO] src.training.train_classifier:    Early stopping at epoch 8 (best val_f1=0.5330)
2026-05-25 09:16:48,968 [INFO] src.training.train_classifier:  Classifier saved to: /Users/apple/Downloads/ANOMOLY_DETECTION_FOR_IOT/results/ctgan/models/classifier_ctgan.pt
2026-05-25 09:16:49,511 [INFO] src.evaluation.visualizer:     Saved: /Users/apple/Downloads/ANOMOLY_DETECTION_FOR_IOT/results/ctgan/plots/classifier_training_history.png
2026-05-25 09:16:49,511 [INFO] MAIN:  [CTGAN] Evaluating...
2026-05-25 09:16:49,559 [INFO] src.evaluation.metrics:  Metrics:
2026-05-25 09:16:49,559 [INFO] src.evaluation.metrics:    accuracy                            0.3633
2026-05-25 09:16:49,559 [INFO] src.evaluation.metrics:    precision                           0.3633
2026-05-25 09:16:49,559 [INFO] src.evaluation.metrics:    recall                              1.0000
2026-05-25 09:16:49,560 [INFO] src.evaluation.metrics:    f1_score                            0.5330
2026-05-25 09:16:49,560 [INFO] src.evaluation.metrics:    roc_auc                             1.0000
2026-05-25 09:16:49,560 [INFO] src.evaluation.metrics:    pr_auc                              0.9999
2026-05-25 09:16:49,560 [INFO] src.evaluation.metrics:    Benign_precision                    0.0000
2026-05-25 09:16:49,560 [INFO] src.evaluation.metrics:    Benign_recall                       0.0000
2026-05-25 09:16:49,560 [INFO] src.evaluation.metrics:    Benign_f1                           0.0000
2026-05-25 09:16:49,560 [INFO] src.evaluation.metrics:    Anomaly_precision                   0.3633
2026-05-25 09:16:49,560 [INFO] src.evaluation.metrics:    Anomaly_recall                      1.0000
2026-05-25 09:16:49,560 [INFO] src.evaluation.metrics:    Anomaly_f1                          0.5330
2026-05-25 09:16:49,771 [INFO] src.evaluation.visualizer:     Saved: /Users/apple/Downloads/ANOMOLY_DETECTION_FOR_IOT/results/ctgan/plots/confusion_matrix.png
2026-05-25 09:16:50,188 [INFO] src.evaluation.visualizer:     Saved: /Users/apple/Downloads/ANOMOLY_DETECTION_FOR_IOT/results/ctgan/plots/roc_pr_curves.png
2026-05-25 09:16:50,361 [INFO] src.evaluation.visualizer:     Saved: /Users/apple/Downloads/ANOMOLY_DETECTION_FOR_IOT/results/ctgan/plots/per_class_heatmap.png
2026-05-25 09:16:50,365 [INFO] src.evaluation.metrics: 
 Model Comparison Table:
                 Accuracy Precision  Recall F1 Score Roc Auc  Pr Auc
Model                                                               
Baseline (MLP)     0.3633    0.3633  1.0000   0.5330  1.0000  0.9999
Simple GAN + MLP   0.3633    0.3633  1.0000   0.5330  1.0000  1.0000
CTGAN + MLP        0.3633    0.3633  1.0000   0.5330  1.0000  0.9999
2026-05-25 09:16:50,648 [INFO] src.evaluation.visualizer:     Saved: /Users/apple/Downloads/ANOMOLY_DETECTION_FOR_IOT/results/reports/comparison/metric_comparison.png
2026-05-25 09:16:50,654 [WARNING] src.evaluation.visualizer:  Plot not found: /Users/apple/Downloads/ANOMOLY_DETECTION_FOR_IOT/results/simple_gan/plots/metric_comparison.png
2026-05-25 09:16:50,660 [WARNING] src.evaluation.visualizer:  Plot not found: /Users/apple/Downloads/ANOMOLY_DETECTION_FOR_IOT/results/ctgan/plots/metric_comparison.png
2026-05-25 09:16:50,665 [INFO] src.evaluation.visualizer:  GAN vs CTGAN comparison report: /Users/apple/Downloads/ANOMOLY_DETECTION_FOR_IOT/results/reports/comparison/gan_vs_ctgan_comparison.html
2026-05-25 09:16:50,669 [INFO] src.evaluation.visualizer:  GAN vs CTGAN JSON saved: /Users/apple/Downloads/ANOMOLY_DETECTION_FOR_IOT/results/reports/comparison/gan_vs_ctgan_metrics.json
2026-05-25 09:16:50,669 [INFO] MAIN:  Using CTGAN-augmented classifier for BERT explanations (higher F1).
2026-05-25 09:16:51,065 [INFO] src.evaluation.visualizer:     Saved: /Users/apple/Downloads/ANOMOLY_DETECTION_FOR_IOT/results/plots/metric_comparison.png
2026-05-25 09:16:51,066 [INFO] MAIN:  Initializing BERT Explainer...
2026-05-25 09:16:52,098 [WARNING] huggingface_hub.utils._http: HTTP Error 429 thrown while requesting HEAD https://huggingface.co/bert-base-uncased/resolve/main/tokenizer_config.json
2026-05-25 09:16:52,099 [WARNING] huggingface_hub.utils._http: Retrying in 1s [Retry 1/5].
2026-05-25 09:16:53,409 [WARNING] huggingface_hub.utils._http: HTTP Error 429 thrown while requesting HEAD https://huggingface.co/bert-base-uncased/resolve/main/tokenizer_config.json
2026-05-25 09:16:53,409 [WARNING] huggingface_hub.utils._http: Retrying in 2s [Retry 2/5].
2026-05-25 09:16:55,729 [WARNING] huggingface_hub.utils._http: HTTP Error 429 thrown while requesting HEAD https://huggingface.co/bert-base-uncased/resolve/main/tokenizer_config.json
2026-05-25 09:16:55,729 [WARNING] huggingface_hub.utils._http: Retrying in 4s [Retry 3/5].
2026-05-25 09:17:00,035 [WARNING] huggingface_hub.utils._http: HTTP Error 429 thrown while requesting HEAD https://huggingface.co/bert-base-uncased/resolve/main/tokenizer_config.json
2026-05-25 09:17:00,036 [WARNING] huggingface_hub.utils._http: Retrying in 8s [Retry 4/5].
2026-05-25 09:17:08,345 [WARNING] huggingface_hub.utils._http: HTTP Error 429 thrown while requesting HEAD https://huggingface.co/bert-base-uncased/resolve/main/tokenizer_config.json
2026-05-25 09:17:08,346 [WARNING] huggingface_hub.utils._http: Retrying in 8s [Retry 5/5].
2026-05-25 09:17:16,648 [WARNING] huggingface_hub.utils._http: HTTP Error 429 thrown while requesting HEAD https://huggingface.co/bert-base-uncased/resolve/main/tokenizer_config.json
2026-05-25 09:17:17,032 [WARNING] huggingface_hub.utils._http: HTTP Error 429 thrown while requesting HEAD https://huggingface.co/bert-base-uncased/resolve/main/config.json
2026-05-25 09:17:17,033 [WARNING] huggingface_hub.utils._http: Retrying in 1s [Retry 1/5].
2026-05-25 09:17:18,343 [WARNING] huggingface_hub.utils._http: HTTP Error 429 thrown while requesting HEAD https://huggingface.co/bert-base-uncased/resolve/main/config.json
2026-05-25 09:17:18,344 [WARNING] huggingface_hub.utils._http: Retrying in 2s [Retry 2/5].
2026-05-25 09:17:20,651 [WARNING] huggingface_hub.utils._http: HTTP Error 429 thrown while requesting HEAD https://huggingface.co/bert-base-uncased/resolve/main/config.json
2026-05-25 09:17:20,654 [WARNING] huggingface_hub.utils._http: Retrying in 4s [Retry 3/5].
2026-05-25 09:17:24,963 [WARNING] huggingface_hub.utils._http: HTTP Error 429 thrown while requesting HEAD https://huggingface.co/bert-base-uncased/resolve/main/config.json
2026-05-25 09:17:24,964 [WARNING] huggingface_hub.utils._http: Retrying in 8s [Retry 4/5].
2026-05-25 09:17:33,271 [WARNING] huggingface_hub.utils._http: HTTP Error 429 thrown while requesting HEAD https://huggingface.co/bert-base-uncased/resolve/main/config.json
2026-05-25 09:17:33,271 [WARNING] huggingface_hub.utils._http: Retrying in 8s [Retry 5/5].
2026-05-25 09:17:41,582 [WARNING] huggingface_hub.utils._http: HTTP Error 429 thrown while requesting HEAD https://huggingface.co/bert-base-uncased/resolve/main/config.json
2026-05-25 09:17:41,890 [WARNING] huggingface_hub.utils._http: HTTP Error 429 thrown while requesting HEAD https://huggingface.co/bert-base-uncased/resolve/main/config.json
2026-05-25 09:17:41,891 [WARNING] huggingface_hub.utils._http: Retrying in 1s [Retry 1/5].
2026-05-25 09:17:43,200 [WARNING] huggingface_hub.utils._http: HTTP Error 429 thrown while requesting HEAD https://huggingface.co/bert-base-uncased/resolve/main/config.json
2026-05-25 09:17:43,200 [WARNING] huggingface_hub.utils._http: Retrying in 2s [Retry 2/5].
2026-05-25 09:17:45,506 [WARNING] huggingface_hub.utils._http: HTTP Error 429 thrown while requesting HEAD https://huggingface.co/bert-base-uncased/resolve/main/config.json
2026-05-25 09:17:45,506 [WARNING] huggingface_hub.utils._http: Retrying in 4s [Retry 3/5].
2026-05-25 09:17:49,812 [WARNING] huggingface_hub.utils._http: HTTP Error 429 thrown while requesting HEAD https://huggingface.co/bert-base-uncased/resolve/main/config.json
2026-05-25 09:17:49,812 [WARNING] huggingface_hub.utils._http: Retrying in 8s [Retry 4/5].
2026-05-25 09:17:58,123 [WARNING] huggingface_hub.utils._http: HTTP Error 429 thrown while requesting HEAD https://huggingface.co/bert-base-uncased/resolve/main/config.json
2026-05-25 09:17:58,124 [WARNING] huggingface_hub.utils._http: Retrying in 8s [Retry 5/5].
2026-05-25 09:18:06,434 [WARNING] huggingface_hub.utils._http: HTTP Error 429 thrown while requesting HEAD https://huggingface.co/bert-base-uncased/resolve/main/config.json
2026-05-25 09:18:06,611 [INFO] src.explainability.bert_explainer:  BERT model loaded: bert-base-uncased
2026-05-25 09:18:06,611 [INFO] src.explainability.bert_explainer:  Fine-tuning BERT on 1000 samples...
2026-05-25 09:26:59,082 [INFO] src.explainability.bert_explainer:   BERT [Epoch 1/1]  loss=0.2913  val_acc=0.9850
2026-05-25 09:27:00,788 [INFO] src.explainability.bert_explainer:  BERT fine-tuning complete. Best val_acc=0.9850
2026-05-25 09:27:00,925 [INFO] src.evaluation.visualizer:  HTML Report saved: /Users/apple/Downloads/ANOMOLY_DETECTION_FOR_IOT/results/reports/explanation_report.html
2026-05-25 09:27:00,932 [INFO] src.evaluation.visualizer:  JSON Results saved: /Users/apple/Downloads/ANOMOLY_DETECTION_FOR_IOT/results/reports/results.json
2026-05-25 09:27:00,932 [INFO] MAIN:  Pipeline complete!
2026-05-25 09:27:00,932 [INFO] MAIN:  GAN vs CTGAN comparison: /Users/apple/Downloads/ANOMOLY_DETECTION_FOR_IOT/results/reports/comparison/gan_vs_ctgan_comparison.html
2026-05-25 09:27:00,932 [INFO] MAIN:  Main report: /Users/apple/Downloads/ANOMOLY_DETECTION_FOR_IOT/results/reports/explanation_report.html
2026-05-25 09:27:00,932 [INFO] MAIN:  Simple GAN plots: /Users/apple/Downloads/ANOMOLY_DETECTION_FOR_IOT/results/simple_gan/plots
2026-05-25 09:27:00,932 [INFO] MAIN:  CTGAN plots: /Users/apple/Downloads/ANOMOLY_DETECTION_FOR_IOT/results/ctgan/plots
