2026-06-24 17:26:32,310 [INFO] numexpr.utils: NumExpr defaulting to 8 threads.
2026-06-24 17:27:14,081 [INFO] RUN_ON_FILE: ============================================================
2026-06-24 17:27:14,082 [INFO] RUN_ON_FILE:  Run tag   : 02_15_2018
2026-06-24 17:27:14,082 [INFO] RUN_ON_FILE:  CSV file  : /Users/apple/Downloads/ANOMOLY_DETECTION_FOR_IOT/02-15-2018.csv
2026-06-24 17:27:14,082 [INFO] RUN_ON_FILE:  Results   : /Users/apple/Downloads/ANOMOLY_DETECTION_FOR_IOT/results_02_15_2018
2026-06-24 17:27:14,082 [INFO] RUN_ON_FILE:  Device    : cpu | CPU threads: 2
2026-06-24 17:27:14,082 [INFO] RUN_ON_FILE: ============================================================
2026-06-24 17:27:14,082 [INFO] src.data_processing.preprocessor:  Loading dataset from: /Users/apple/Downloads/ANOMOLY_DETECTION_FOR_IOT/02-15-2018.csv
2026-06-24 17:27:22,025 [INFO] src.data_processing.preprocessor:    Raw shape: (1048575, 80)
2026-06-24 17:27:23,236 [INFO] src.data_processing.preprocessor:    After stratified sampling: (199999, 80)
2026-06-24 17:27:23,431 [INFO] src.data_processing.preprocessor:    Label distribution:
binary_label
0    189986
2026-06-24 17:27:23,717 [INFO] src.data_processing.preprocessor:    Features after cleaning: 78
2026-06-24 17:27:24,124 [INFO] src.data_processing.preprocessor:    Train=132989  Val=18999  Test=37998
2026-06-24 17:27:24,429 [INFO] src.data_processing.preprocessor:  Preprocessing complete. Artifacts saved to: /Users/apple/Downloads/ANOMOLY_DETECTION_FOR_IOT/data/processed_02_15_2018
2026-06-24 17:27:24,478 [INFO] RUN_ON_FILE:  Training Baseline Classifier (no GAN augmentation)...
2026-06-24 17:27:24,541 [INFO] src.training.train_classifier:  Classifier Training | Augmented train size: 132989  (real=132989  synth=0)
2026-06-24 17:27:31,529 [INFO] src.training.train_classifier:   [Epoch  1/60]  tr_loss=0.0534  vl_loss=0.0452  tr_acc=0.0000  vl_acc=0.0000  vl_f1=0.0000
2026-06-24 17:27:58,735 [INFO] src.training.train_classifier:   [Epoch  5/60]  tr_loss=0.0434  vl_loss=0.0433  tr_acc=0.0000  vl_acc=0.0000  vl_f1=0.0000
2026-06-24 17:28:25,837 [INFO] src.training.train_classifier:    Early stopping at epoch 9 (best val_f1=0.0000)
2026-06-24 17:28:25,848 [INFO] src.training.train_classifier:  Classifier saved to: /Users/apple/Downloads/ANOMOLY_DETECTION_FOR_IOT/results_02_15_2018/models/classifier_baseline.pt
2026-06-24 17:28:25,865 [INFO] RUN_ON_FILE:  [Baseline] Searching for optimal threshold...
2026-06-24 17:28:25,978 [INFO] src.training.train_classifier:  Optimal threshold (metric=f1): 0.510  (score=0.0000)
2026-06-24 17:28:25,979 [INFO] src.training.train_classifier:    At threshold 0.510 → predicted anomaly: 4 / 18999 samples  (0.0%)
2026-06-24 17:28:26,382 [INFO] src.evaluation.metrics:  base_Metrics:
2026-06-24 17:28:26,382 [INFO] src.evaluation.metrics:    base_accuracy                            0.9998
2026-06-24 17:28:26,382 [INFO] src.evaluation.metrics:    base_balanced_accuracy                   0.9998
2026-06-24 17:28:26,382 [INFO] src.evaluation.metrics:    base_precision                           0.0000
2026-06-24 17:28:26,382 [INFO] src.evaluation.metrics:    base_recall                              0.0000
2026-06-24 17:28:26,382 [INFO] src.evaluation.metrics:    base_f1_score                            0.0000
2026-06-24 17:28:26,382 [INFO] src.evaluation.metrics:    base_n_predicted_anomaly                 7
2026-06-24 17:28:26,382 [INFO] src.evaluation.metrics:    base_n_true_anomaly                      0
2026-06-24 17:28:26,382 [INFO] src.evaluation.metrics:    base_false_positive_rate                 0.0000
2026-06-24 17:28:26,382 [INFO] src.evaluation.metrics:    base_roc_auc                             nan
2026-06-24 17:28:26,382 [INFO] src.evaluation.metrics:    base_pr_auc                              0.0000
2026-06-24 17:28:26,383 [INFO] src.evaluation.metrics:    base_Benign_precision                    1.0000
2026-06-24 17:28:26,383 [INFO] src.evaluation.metrics:    base_Benign_recall                       0.9998
2026-06-24 17:28:26,383 [INFO] src.evaluation.metrics:    base_Benign_f1                           0.9999
2026-06-24 17:28:26,383 [INFO] src.evaluation.metrics:    base_Anomaly_precision                   0.0000
2026-06-24 17:28:26,383 [INFO] src.evaluation.metrics:    base_Anomaly_recall                      0.0000
2026-06-24 17:28:26,383 [INFO] src.evaluation.metrics:    base_Anomaly_f1                          0.0000
2026-06-24 17:28:26,383 [INFO] RUN_ON_FILE:  [Simple GAN] Training...
2026-06-24 17:28:26,392 [INFO] src.training.train_gan:  GAN Training | Anomaly samples: 0 | Epochs: 300
2026-06-24 17:28:26,392 [ERROR] RUN_ON_FILE:  Pipeline failed: num_samples should be a positive integer value, but got num_samples=0
Traceback (most recent call last):
  File "/Users/apple/Downloads/ANOMOLY_DETECTION_FOR_IOT/run_on_file.py", line 390, in <module>
    main()
  File "/Users/apple/Downloads/ANOMOLY_DETECTION_FOR_IOT/run_on_file.py", line 233, in main
    gan_results = train_gan(run_cfg, G, D, data["X_train"], data["y_train"], device)
                  ^^^^^^^^^^^^^^^^^^^^^^^^^^^^^^^^^^^^^^^^^^^^^^^^^^^^^^^^^^^^^^^^^^
  File "/Users/apple/Downloads/ANOMOLY_DETECTION_FOR_IOT/src/training/train_gan.py", line 20, in train_gan
    loader   = DataLoader(
               ^^^^^^^^^^^
  File "/opt/anaconda3/lib/python3.12/site-packages/torch/utils/data/dataloader.py", line 350, in __init__
    sampler = RandomSampler(dataset, generator=generator)  # type: ignore[arg-type]
              ^^^^^^^^^^^^^^^^^^^^^^^^^^^^^^^^^^^^^^^^^^^
  File "/opt/anaconda3/lib/python3.12/site-packages/torch/utils/data/sampler.py", line 143, in __init__
    raise ValueError(f"num_samples should be a positive integer value, but got num_samples={self.num_samples}")
ValueError: num_samples should be a positive integer value, but got num_samples=0
