2026-07-08 11:16:23,373 [INFO] numexpr.utils: NumExpr defaulting to 8 threads.
2026-07-08 11:16:41,871 [INFO] RUN_ON_FILE: ============================================================
2026-07-08 11:16:41,872 [INFO] RUN_ON_FILE:  Run tag   : combined
2026-07-08 11:16:41,872 [INFO] RUN_ON_FILE:  CSV file  : /Users/apple/Downloads/ANOMOLY_DETECTION_FOR_IOT/combined_dataset.csv
2026-07-08 11:16:41,872 [INFO] RUN_ON_FILE:  Results   : /Users/apple/Downloads/ANOMOLY_DETECTION_FOR_IOT/results_combined
2026-07-08 11:16:41,872 [INFO] RUN_ON_FILE:  Device    : cpu | CPU threads: 2
2026-07-08 11:16:41,872 [INFO] RUN_ON_FILE: ============================================================
2026-07-08 11:16:41,872 [INFO] src.data_processing.preprocessor:  Loading dataset from: /Users/apple/Downloads/ANOMOLY_DETECTION_FOR_IOT/combined_dataset.csv
2026-07-08 11:16:55,945 [INFO] src.data_processing.preprocessor:    Raw shape: (1048675, 80)
2026-07-08 11:16:57,302 [INFO] src.data_processing.preprocessor:    After stratified sampling: (48, 80)
2026-07-08 11:16:57,312 [INFO] src.data_processing.preprocessor:    Attack types mapped in CSV: ['Botnet']
2026-07-08 11:16:57,315 [INFO] src.data_processing.preprocessor:    3-class distribution:
label_3class
0    47
1     1
2026-07-08 11:16:57,385 [INFO] src.data_processing.preprocessor:    Features after cleaning: 77
2026-07-08 11:16:57,391 [INFO] src.data_processing.preprocessor:    Train=33  Val=5  Test=10
2026-07-08 11:16:57,416 [INFO] src.data_processing.preprocessor:  Preprocessing complete. Artifacts saved to: /Users/apple/Downloads/ANOMOLY_DETECTION_FOR_IOT/data/processed_combined
2026-07-08 11:16:57,417 [INFO] RUN_ON_FILE:  Training Baseline Tabular MLP...
2026-07-08 11:16:57,429 [INFO] src.training.train_classifier:  Classifier Training | Augmented train size: 33  (real=33  synth=0)
2026-07-08 11:16:57,600 [INFO] src.training.train_classifier:   [Epoch  1/2]  tr_loss=1.3481  vl_loss=1.1130  tr_acc=0.2424  vl_acc=0.8000  vl_f1_macro=0.4444
2026-07-08 11:16:57,720 [INFO] src.training.train_classifier:  Classifier saved to: /Users/apple/Downloads/ANOMOLY_DETECTION_FOR_IOT/results_combined/models/classifier_baseline.pt
2026-07-08 11:16:57,836 [INFO] src.evaluation.metrics:  Metrics:
2026-07-08 11:16:57,836 [INFO] src.evaluation.metrics:    accuracy                                 0.7000
2026-07-08 11:16:57,837 [INFO] src.evaluation.metrics:    balanced_accuracy                        0.7000
2026-07-08 11:16:57,837 [INFO] src.evaluation.metrics:    precision                                0.3333
2026-07-08 11:16:57,837 [INFO] src.evaluation.metrics:    recall                                   0.2333
2026-07-08 11:16:57,837 [INFO] src.evaluation.metrics:    f1_score                                 0.2745
2026-07-08 11:16:57,838 [INFO] src.evaluation.metrics:    n_predicted_anomaly                      3
2026-07-08 11:16:57,838 [INFO] src.evaluation.metrics:    n_true_anomaly                           0
2026-07-08 11:16:57,838 [INFO] src.evaluation.metrics:    false_positive_rate                      0.3000
2026-07-08 11:16:57,838 [INFO] src.evaluation.metrics:    Benign_precision                         1.0000
2026-07-08 11:16:57,839 [INFO] src.evaluation.metrics:    Benign_recall                            0.7000
2026-07-08 11:16:57,839 [INFO] src.evaluation.metrics:    Benign_f1                                0.8235
2026-07-08 11:16:57,840 [INFO] src.evaluation.metrics:    Botnet_precision                         0.0000
2026-07-08 11:16:57,840 [INFO] src.evaluation.metrics:    Botnet_recall                            0.0000
2026-07-08 11:16:57,840 [INFO] src.evaluation.metrics:    Botnet_f1                                0.0000
2026-07-08 11:16:57,840 [INFO] src.evaluation.metrics:    Malware_precision                        0.0000
2026-07-08 11:16:57,841 [INFO] src.evaluation.metrics:    Malware_recall                           0.0000
2026-07-08 11:16:57,842 [INFO] src.evaluation.metrics:    Malware_f1                               0.0000
2026-07-08 11:16:58,623 [INFO] src.evaluation.visualizer:     Saved: /Users/apple/Downloads/ANOMOLY_DETECTION_FOR_IOT/results_combined/models/confusion_matrix.png
2026-07-08 11:16:59,705 [INFO] src.evaluation.visualizer:     Saved: /Users/apple/Downloads/ANOMOLY_DETECTION_FOR_IOT/results_combined/models/roc_pr_curves.png
2026-07-08 11:17:00,172 [INFO] src.evaluation.visualizer:     Saved: /Users/apple/Downloads/ANOMOLY_DETECTION_FOR_IOT/results_combined/models/per_class_heatmap.png
2026-07-08 11:17:00,173 [INFO] RUN_ON_FILE:  [Simple GAN] Training Class Generators...
2026-07-08 11:17:00,174 [INFO] src.training.train_gan:  Starting GAN Training. Minority classes to balance: [1]
2026-07-08 11:17:00,174 [INFO] src.training.train_gan:  --- Training GAN for Class 1 (Samples: 1, Epochs: 2) ---
2026-07-08 11:17:00,175 [WARNING] src.training.train_gan:  Skipping GAN training for Class 1 because sample count is too low (1)
2026-07-08 11:17:00,175 [INFO] src.training.train_gan:  GAN training complete. Total synthetic samples: 0
2026-07-08 11:17:00,544 [INFO] src.evaluation.visualizer:     Saved: /Users/apple/Downloads/ANOMOLY_DETECTION_FOR_IOT/results_combined/simple_gan/plots/gan_loss_curves.png
2026-07-08 11:17:00,544 [WARNING] src.evaluation.visualizer:  No synthetic samples to plot for PCA.
2026-07-08 11:17:01,008 [INFO] src.evaluation.visualizer:     Saved: /Users/apple/Downloads/ANOMOLY_DETECTION_FOR_IOT/results_combined/simple_gan/plots/class_distribution_comparison.png
2026-07-08 11:17:01,008 [INFO] RUN_ON_FILE:  [Simple GAN] Training augmented tabular classifier...
2026-07-08 11:17:01,025 [INFO] src.training.train_classifier:  Classifier Training | Augmented train size: 33  (real=33  synth=0)
2026-07-08 11:17:01,070 [INFO] src.training.train_classifier:   [Epoch  1/2]  tr_loss=1.6209  vl_loss=1.2004  tr_acc=0.1515  vl_acc=0.0000  vl_f1_macro=0.0000
2026-07-08 11:17:01,160 [INFO] src.training.train_classifier:  Classifier saved to: /Users/apple/Downloads/ANOMOLY_DETECTION_FOR_IOT/results_combined/simple_gan/models/classifier_gan.pt
2026-07-08 11:17:01,211 [INFO] src.evaluation.metrics:  Metrics:
2026-07-08 11:17:01,211 [INFO] src.evaluation.metrics:    accuracy                                 0.0000
2026-07-08 11:17:01,211 [INFO] src.evaluation.metrics:    balanced_accuracy                        0.0000
2026-07-08 11:17:01,211 [INFO] src.evaluation.metrics:    precision                                0.0000
2026-07-08 11:17:01,211 [INFO] src.evaluation.metrics:    recall                                   0.0000
2026-07-08 11:17:01,212 [INFO] src.evaluation.metrics:    f1_score                                 0.0000
2026-07-08 11:17:01,212 [INFO] src.evaluation.metrics:    n_predicted_anomaly                      10
2026-07-08 11:17:01,212 [INFO] src.evaluation.metrics:    n_true_anomaly                           0
2026-07-08 11:17:01,213 [INFO] src.evaluation.metrics:    false_positive_rate                      1.0000
2026-07-08 11:17:01,213 [INFO] src.evaluation.metrics:    Benign_precision                         0.0000
2026-07-08 11:17:01,213 [INFO] src.evaluation.metrics:    Benign_recall                            0.0000
2026-07-08 11:17:01,213 [INFO] src.evaluation.metrics:    Benign_f1                                0.0000
2026-07-08 11:17:01,214 [INFO] src.evaluation.metrics:    Botnet_precision                         0.0000
2026-07-08 11:17:01,214 [INFO] src.evaluation.metrics:    Botnet_recall                            0.0000
2026-07-08 11:17:01,214 [INFO] src.evaluation.metrics:    Botnet_f1                                0.0000
2026-07-08 11:17:01,214 [INFO] src.evaluation.metrics:    Malware_precision                        0.0000
2026-07-08 11:17:01,215 [INFO] src.evaluation.metrics:    Malware_recall                           0.0000
2026-07-08 11:17:01,215 [INFO] src.evaluation.metrics:    Malware_f1                               0.0000
2026-07-08 11:17:01,771 [INFO] src.evaluation.visualizer:     Saved: /Users/apple/Downloads/ANOMOLY_DETECTION_FOR_IOT/results_combined/simple_gan/plots/confusion_matrix.png
2026-07-08 11:17:02,659 [INFO] src.evaluation.visualizer:     Saved: /Users/apple/Downloads/ANOMOLY_DETECTION_FOR_IOT/results_combined/simple_gan/plots/roc_pr_curves.png
2026-07-08 11:17:03,079 [INFO] src.evaluation.visualizer:     Saved: /Users/apple/Downloads/ANOMOLY_DETECTION_FOR_IOT/results_combined/simple_gan/plots/per_class_heatmap.png
2026-07-08 11:17:03,079 [INFO] RUN_ON_FILE:  [CTGAN] Training Class Generators...
2026-07-08 11:17:03,848 [INFO] src.training.train_ctgan:  Starting CTGAN Training. Minority classes to balance: [1]
2026-07-08 11:17:03,849 [INFO] src.training.train_ctgan:  --- Training CTGAN for Class 1 (Samples: 1) ---
2026-07-08 11:17:03,849 [WARNING] src.training.train_ctgan:  Skipping CTGAN training for Class 1 because sample count is too low (1)
2026-07-08 11:17:03,849 [INFO] src.training.train_ctgan:  CTGAN training complete. Total synthetic samples: 0
2026-07-08 11:17:04,195 [INFO] src.evaluation.visualizer:     Saved: /Users/apple/Downloads/ANOMOLY_DETECTION_FOR_IOT/results_combined/ctgan/plots/gan_loss_curves.png
2026-07-08 11:17:04,195 [WARNING] src.evaluation.visualizer:  No synthetic samples to plot for PCA.
2026-07-08 11:17:04,702 [INFO] src.evaluation.visualizer:     Saved: /Users/apple/Downloads/ANOMOLY_DETECTION_FOR_IOT/results_combined/ctgan/plots/class_distribution_comparison.png
2026-07-08 11:17:04,702 [INFO] RUN_ON_FILE:  [CTGAN] Training augmented tabular classifier...
2026-07-08 11:17:04,711 [INFO] src.training.train_classifier:  Classifier Training | Augmented train size: 33  (real=33  synth=0)
2026-07-08 11:17:04,771 [INFO] src.training.train_classifier:   [Epoch  1/2]  tr_loss=1.2793  vl_loss=1.1129  tr_acc=0.1212  vl_acc=0.0000  vl_f1_macro=0.0000
2026-07-08 11:17:04,864 [INFO] src.training.train_classifier:  Classifier saved to: /Users/apple/Downloads/ANOMOLY_DETECTION_FOR_IOT/results_combined/ctgan/models/classifier_ctgan.pt
2026-07-08 11:17:04,920 [INFO] src.evaluation.metrics:  Metrics:
2026-07-08 11:17:04,920 [INFO] src.evaluation.metrics:    accuracy                                 0.0000
2026-07-08 11:17:04,921 [INFO] src.evaluation.metrics:    balanced_accuracy                        0.0000
2026-07-08 11:17:04,921 [INFO] src.evaluation.metrics:    precision                                0.0000
2026-07-08 11:17:04,922 [INFO] src.evaluation.metrics:    recall                                   0.0000
2026-07-08 11:17:04,922 [INFO] src.evaluation.metrics:    f1_score                                 0.0000
2026-07-08 11:17:04,922 [INFO] src.evaluation.metrics:    n_predicted_anomaly                      10
2026-07-08 11:17:04,923 [INFO] src.evaluation.metrics:    n_true_anomaly                           0
2026-07-08 11:17:04,923 [INFO] src.evaluation.metrics:    false_positive_rate                      1.0000
2026-07-08 11:17:04,923 [INFO] src.evaluation.metrics:    Benign_precision                         0.0000
2026-07-08 11:17:04,923 [INFO] src.evaluation.metrics:    Benign_recall                            0.0000
2026-07-08 11:17:04,923 [INFO] src.evaluation.metrics:    Benign_f1                                0.0000
2026-07-08 11:17:04,923 [INFO] src.evaluation.metrics:    Botnet_precision                         0.0000
2026-07-08 11:17:04,924 [INFO] src.evaluation.metrics:    Botnet_recall                            0.0000
2026-07-08 11:17:04,924 [INFO] src.evaluation.metrics:    Botnet_f1                                0.0000
2026-07-08 11:17:04,924 [INFO] src.evaluation.metrics:    Malware_precision                        0.0000
2026-07-08 11:17:04,924 [INFO] src.evaluation.metrics:    Malware_recall                           0.0000
2026-07-08 11:17:04,925 [INFO] src.evaluation.metrics:    Malware_f1                               0.0000
2026-07-08 11:17:05,514 [INFO] src.evaluation.visualizer:     Saved: /Users/apple/Downloads/ANOMOLY_DETECTION_FOR_IOT/results_combined/ctgan/plots/confusion_matrix.png
2026-07-08 11:17:06,660 [INFO] src.evaluation.visualizer:     Saved: /Users/apple/Downloads/ANOMOLY_DETECTION_FOR_IOT/results_combined/ctgan/plots/roc_pr_curves.png
2026-07-08 11:17:07,289 [INFO] src.evaluation.visualizer:     Saved: /Users/apple/Downloads/ANOMOLY_DETECTION_FOR_IOT/results_combined/ctgan/plots/per_class_heatmap.png
2026-07-08 11:17:07,289 [INFO] RUN_ON_FILE:  Extracting DistilBERT features for hybrid multimodal network...
2026-07-08 11:17:07,295 [INFO] src.models.hybrid_model:  Initializing DistilBERT tokenizer & model for feature extraction...
2026-07-08 11:17:10,328 [INFO] src.models.hybrid_model:  Extracting embeddings for 33 sequences...
2026-07-08 11:17:13,501 [INFO] src.models.hybrid_model:  Initializing DistilBERT tokenizer & model for feature extraction...
2026-07-08 11:17:15,864 [INFO] src.models.hybrid_model:  Extracting embeddings for 5 sequences...
2026-07-08 11:17:17,247 [INFO] src.models.hybrid_model:  Initializing DistilBERT tokenizer & model for feature extraction...
2026-07-08 11:17:18,423 [INFO] src.models.hybrid_model:  Extracting embeddings for 10 sequences...
2026-07-08 11:17:20,198 [INFO] RUN_ON_FILE:  Training Hybrid Baseline Model...
2026-07-08 11:17:20,207 [INFO] src.models.hybrid_model:  Training Hybrid Multimodal Fusion Classifier (3 classes)...
2026-07-08 11:17:20,266 [INFO] src.models.hybrid_model:   [Hybrid Epoch  1/2] loss=1.1391 val_loss=1.2115 val_acc=0.0000 val_f1_macro=0.0000
2026-07-08 11:17:20,348 [INFO] src.models.hybrid_model:  Saved best Hybrid model (val_f1=0.0000) to: /Users/apple/Downloads/ANOMOLY_DETECTION_FOR_IOT/results_combined/models/hybrid_baseline.pt
2026-07-08 11:17:20,408 [INFO] src.evaluation.metrics:  Metrics:
2026-07-08 11:17:20,409 [INFO] src.evaluation.metrics:    accuracy                                 0.0000
2026-07-08 11:17:20,410 [INFO] src.evaluation.metrics:    balanced_accuracy                        0.0000
2026-07-08 11:17:20,410 [INFO] src.evaluation.metrics:    precision                                0.0000
2026-07-08 11:17:20,411 [INFO] src.evaluation.metrics:    recall                                   0.0000
2026-07-08 11:17:20,411 [INFO] src.evaluation.metrics:    f1_score                                 0.0000
2026-07-08 11:17:20,411 [INFO] src.evaluation.metrics:    n_predicted_anomaly                      10
2026-07-08 11:17:20,412 [INFO] src.evaluation.metrics:    n_true_anomaly                           0
2026-07-08 11:17:20,412 [INFO] src.evaluation.metrics:    false_positive_rate                      1.0000
2026-07-08 11:17:20,412 [INFO] src.evaluation.metrics:    Benign_precision                         0.0000
2026-07-08 11:17:20,412 [INFO] src.evaluation.metrics:    Benign_recall                            0.0000
2026-07-08 11:17:20,413 [INFO] src.evaluation.metrics:    Benign_f1                                0.0000
2026-07-08 11:17:20,413 [INFO] src.evaluation.metrics:    Botnet_precision                         0.0000
2026-07-08 11:17:20,413 [INFO] src.evaluation.metrics:    Botnet_recall                            0.0000
2026-07-08 11:17:20,414 [INFO] src.evaluation.metrics:    Botnet_f1                                0.0000
2026-07-08 11:17:20,415 [INFO] src.evaluation.metrics:    Malware_precision                        0.0000
2026-07-08 11:17:20,416 [INFO] src.evaluation.metrics:    Malware_recall                           0.0000
2026-07-08 11:17:20,420 [INFO] src.evaluation.metrics:    Malware_f1                               0.0000
2026-07-08 11:17:20,421 [INFO] RUN_ON_FILE:  Training Hybrid Simple GAN Augmented Model...
2026-07-08 11:17:20,421 [INFO] src.models.hybrid_model:  Initializing DistilBERT tokenizer & model for feature extraction...
2026-07-08 11:17:22,080 [INFO] src.models.hybrid_model:  Extracting embeddings for 0 sequences...
2026-07-08 11:17:22,081 [ERROR] RUN_ON_FILE:  Pipeline failed: need at least one array to concatenate
Traceback (most recent call last):
  File "/Users/apple/Downloads/ANOMOLY_DETECTION_FOR_IOT/run_on_file.py", line 422, in <module>
    main()
  File "/Users/apple/Downloads/ANOMOLY_DETECTION_FOR_IOT/run_on_file.py", line 282, in main
    gan_synth_emb   = get_distilbert_embeddings(run_cfg, gan_synth_texts, device)
                      ^^^^^^^^^^^^^^^^^^^^^^^^^^^^^^^^^^^^^^^^^^^^^^^^^^^^^^^^^^^
  File "/Users/apple/Downloads/ANOMOLY_DETECTION_FOR_IOT/src/models/hybrid_model.py", line 112, in get_distilbert_embeddings
    return np.vstack(embeddings)
           ^^^^^^^^^^^^^^^^^^^^^
  File "/opt/anaconda3/lib/python3.12/site-packages/numpy/core/shape_base.py", line 289, in vstack
    return _nx.concatenate(arrs, 0, dtype=dtype, casting=casting)
           ^^^^^^^^^^^^^^^^^^^^^^^^^^^^^^^^^^^^^^^^^^^^^^^^^^^^^^
ValueError: need at least one array to concatenate
