2026-05-25 10:18:55,080 [INFO] MAIN:  Starting GAN + CTGAN + BERT IoT Anomaly Detection
2026-05-25 10:18:55,082 [INFO] MAIN:  Device: cpu | CPU threads: 2
2026-05-25 10:18:55,082 [INFO] src.data_processing.preprocessor:  Loading dataset from: /Users/apple/Downloads/ANOMOLY_DETECTION_FOR_IOT/02-14-2018.csv
2026-05-25 10:19:04,405 [INFO] src.data_processing.preprocessor:    Raw shape: (1048575, 80)
2026-05-25 10:19:06,003 [INFO] src.data_processing.preprocessor:    After stratified sampling: (199998, 80)
2026-05-25 10:19:06,244 [INFO] src.data_processing.preprocessor:    Label distribution:
binary_label
0    127339
1     72659
2026-05-25 10:19:06,556 [INFO] src.data_processing.preprocessor:    Features after cleaning: 78
2026-05-25 10:19:07,107 [INFO] src.data_processing.preprocessor:    Train=139998  Val=20000  Test=40000
2026-05-25 10:19:07,631 [INFO] src.data_processing.preprocessor:  Preprocessing complete. Artifacts saved to: /Users/apple/Downloads/ANOMOLY_DETECTION_FOR_IOT/data/processed
2026-05-25 10:19:07,695 [INFO] MAIN:  Training Baseline Classifier...
2026-05-25 10:19:07,748 [INFO] src.training.train_classifier:  Classifier Training | Augmented train size: 139998
2026-05-25 10:19:12,368 [INFO] src.training.train_classifier:   [Epoch  1/30]  tr_loss=0.6529  vl_loss=0.6412  tr_acc=0.3633  vl_acc=0.3633  vl_f1=0.5330
2026-05-25 10:19:27,104 [INFO] src.training.train_classifier:   [Epoch  5/30]  tr_loss=0.6409  vl_loss=0.6408  tr_acc=0.3633  vl_acc=0.3633  vl_f1=0.5330
2026-05-25 10:19:37,095 [INFO] src.training.train_classifier:    Early stopping at epoch 8 (best val_f1=0.5330)
2026-05-25 10:19:37,101 [INFO] src.training.train_classifier:  Classifier saved to: /Users/apple/Downloads/ANOMOLY_DETECTION_FOR_IOT/results/models/classifier_baseline.pt
2026-05-25 10:19:37,323 [INFO] src.evaluation.metrics:  base_Metrics:
2026-05-25 10:19:37,323 [INFO] src.evaluation.metrics:    base_accuracy                       0.3633
2026-05-25 10:19:37,323 [INFO] src.evaluation.metrics:    base_precision                      0.3633
2026-05-25 10:19:37,323 [INFO] src.evaluation.metrics:    base_recall                         1.0000
2026-05-25 10:19:37,323 [INFO] src.evaluation.metrics:    base_f1_score                       0.5330
2026-05-25 10:19:37,323 [INFO] src.evaluation.metrics:    base_roc_auc                        1.0000
2026-05-25 10:19:37,323 [INFO] src.evaluation.metrics:    base_pr_auc                         1.0000
2026-05-25 10:19:37,323 [INFO] src.evaluation.metrics:    base_Benign_precision               0.0000
2026-05-25 10:19:37,323 [INFO] src.evaluation.metrics:    base_Benign_recall                  0.0000
2026-05-25 10:19:37,323 [INFO] src.evaluation.metrics:    base_Benign_f1                      0.0000
2026-05-25 10:19:37,323 [INFO] src.evaluation.metrics:    base_Anomaly_precision              0.3633
2026-05-25 10:19:37,323 [INFO] src.evaluation.metrics:    base_Anomaly_recall                 1.0000
2026-05-25 10:19:37,323 [INFO] src.evaluation.metrics:    base_Anomaly_f1                     0.5330
2026-05-25 10:19:37,323 [INFO] MAIN:  [Simple GAN] Training...
2026-05-25 10:19:37,343 [INFO] src.training.train_gan:  GAN Training | Anomaly samples: 50861 | Epochs: 200
2026-05-25 10:19:43,044 [INFO] src.training.train_gan:   [Epoch   1/200]  G_loss=0.8964  D_loss=0.5328
2026-05-25 10:21:36,185 [INFO] src.training.train_gan:   [Epoch  20/200]  G_loss=2.7970  D_loss=0.0713
2026-05-25 10:23:53,353 [INFO] src.training.train_gan:   [Epoch  40/200]  G_loss=4.0929  D_loss=0.0193
2026-05-25 10:25:48,779 [INFO] src.training.train_gan:   [Epoch  60/200]  G_loss=5.2764  D_loss=0.0062
2026-05-25 10:27:43,812 [INFO] src.training.train_gan:   [Epoch  80/200]  G_loss=6.2915  D_loss=0.0024
2026-05-25 10:29:39,919 [INFO] src.training.train_gan:   [Epoch 100/200]  G_loss=7.0927  D_loss=0.0012
2026-05-25 10:31:42,021 [INFO] src.training.train_gan:   [Epoch 120/200]  G_loss=7.6543  D_loss=0.0007
2026-05-25 10:33:46,264 [INFO] src.training.train_gan:   [Epoch 140/200]  G_loss=7.9696  D_loss=0.0005
2026-05-25 10:36:17,351 [INFO] src.training.train_gan:   [Epoch 160/200]  G_loss=8.0982  D_loss=0.0005
2026-05-25 10:39:51,118 [INFO] src.training.train_gan:   [Epoch 180/200]  G_loss=8.1814  D_loss=0.0005
2026-05-25 10:43:36,413 [INFO] src.training.train_gan:   [Epoch 200/200]  G_loss=8.2056  D_loss=0.0005
2026-05-25 10:43:36,479 [INFO] src.training.train_gan:  GAN done. Generated 5000 synthetic anomaly samples.
2026-05-25 10:43:36,996 [INFO] src.evaluation.visualizer:     Saved: /Users/apple/Downloads/ANOMOLY_DETECTION_FOR_IOT/results/simple_gan/plots/gan_loss_curves.png
2026-05-25 10:43:36,997 [INFO] MAIN:  [Simple GAN] Training augmented classifier...
2026-05-25 10:43:37,104 [INFO] src.training.train_classifier:  Classifier Training | Augmented train size: 144998
2026-05-25 10:43:43,602 [INFO] src.training.train_classifier:   [Epoch  1/30]  tr_loss=0.6295  vl_loss=0.6234  tr_acc=0.3853  vl_acc=0.3633  vl_f1=0.5330
2026-05-25 10:44:04,487 [INFO] src.training.train_classifier:   [Epoch  5/30]  tr_loss=0.6189  vl_loss=0.6229  tr_acc=0.3853  vl_acc=0.3633  vl_f1=0.5330
2026-05-25 10:44:24,046 [INFO] src.training.train_classifier:    Early stopping at epoch 8 (best val_f1=0.5330)
2026-05-25 10:44:24,057 [INFO] src.training.train_classifier:  Classifier saved to: /Users/apple/Downloads/ANOMOLY_DETECTION_FOR_IOT/results/simple_gan/models/classifier_gan.pt
2026-05-25 10:44:25,540 [INFO] src.evaluation.visualizer:     Saved: /Users/apple/Downloads/ANOMOLY_DETECTION_FOR_IOT/results/simple_gan/plots/classifier_training_history.png
2026-05-25 10:44:25,541 [INFO] MAIN:  [Simple GAN] Evaluating...
2026-05-25 10:44:26,087 [INFO] src.evaluation.metrics:  Metrics:
2026-05-25 10:44:26,087 [INFO] src.evaluation.metrics:    accuracy                            0.3633
2026-05-25 10:44:26,087 [INFO] src.evaluation.metrics:    precision                           0.3633
2026-05-25 10:44:26,087 [INFO] src.evaluation.metrics:    recall                              1.0000
2026-05-25 10:44:26,087 [INFO] src.evaluation.metrics:    f1_score                            0.5330
2026-05-25 10:44:26,087 [INFO] src.evaluation.metrics:    roc_auc                             1.0000
2026-05-25 10:44:26,088 [INFO] src.evaluation.metrics:    pr_auc                              1.0000
2026-05-25 10:44:26,088 [INFO] src.evaluation.metrics:    Benign_precision                    0.0000
2026-05-25 10:44:26,088 [INFO] src.evaluation.metrics:    Benign_recall                       0.0000
2026-05-25 10:44:26,088 [INFO] src.evaluation.metrics:    Benign_f1                           0.0000
2026-05-25 10:44:26,088 [INFO] src.evaluation.metrics:    Anomaly_precision                   0.3633
2026-05-25 10:44:26,088 [INFO] src.evaluation.metrics:    Anomaly_recall                      1.0000
2026-05-25 10:44:26,088 [INFO] src.evaluation.metrics:    Anomaly_f1                          0.5330
2026-05-25 10:44:26,653 [INFO] src.evaluation.visualizer:     Saved: /Users/apple/Downloads/ANOMOLY_DETECTION_FOR_IOT/results/simple_gan/plots/confusion_matrix.png
2026-05-25 10:44:27,801 [INFO] src.evaluation.visualizer:     Saved: /Users/apple/Downloads/ANOMOLY_DETECTION_FOR_IOT/results/simple_gan/plots/roc_pr_curves.png
2026-05-25 10:44:28,252 [INFO] src.evaluation.visualizer:     Saved: /Users/apple/Downloads/ANOMOLY_DETECTION_FOR_IOT/results/simple_gan/plots/per_class_heatmap.png
2026-05-25 10:44:28,253 [INFO] MAIN:  [CTGAN] Training...
2026-05-25 10:44:29,041 [INFO] src.training.train_ctgan:  CTGAN Training | Anomaly samples: 50861 | Epochs: 200 | Batch: 500
2026-05-25 10:44:30,665 [INFO] rdt.transformers.null: Guidance: There are no missing values in column Dst Port. Extra column not created.
2026-05-25 10:44:31,171 [INFO] rdt.transformers.null: Guidance: There are no missing values in column Protocol. Extra column not created.
2026-05-25 10:44:31,444 [INFO] rdt.transformers.null: Guidance: There are no missing values in column Flow Duration. Extra column not created.
2026-05-25 10:44:37,461 [INFO] rdt.transformers.null: Guidance: There are no missing values in column Tot Fwd Pkts. Extra column not created.
2026-05-25 10:44:41,295 [INFO] rdt.transformers.null: Guidance: There are no missing values in column Tot Bwd Pkts. Extra column not created.
2026-05-25 10:44:42,022 [INFO] rdt.transformers.null: Guidance: There are no missing values in column TotLen Fwd Pkts. Extra column not created.
2026-05-25 10:44:44,364 [INFO] rdt.transformers.null: Guidance: There are no missing values in column TotLen Bwd Pkts. Extra column not created.
2026-05-25 10:44:44,664 [INFO] rdt.transformers.null: Guidance: There are no missing values in column Fwd Pkt Len Max. Extra column not created.
2026-05-25 10:44:44,962 [INFO] rdt.transformers.null: Guidance: There are no missing values in column Fwd Pkt Len Min. Extra column not created.
2026-05-25 10:44:45,250 [INFO] rdt.transformers.null: Guidance: There are no missing values in column Fwd Pkt Len Mean. Extra column not created.
2026-05-25 10:44:51,911 [INFO] rdt.transformers.null: Guidance: There are no missing values in column Fwd Pkt Len Std. Extra column not created.
2026-05-25 10:44:53,624 [INFO] rdt.transformers.null: Guidance: There are no missing values in column Bwd Pkt Len Max. Extra column not created.
2026-05-25 10:44:53,946 [INFO] rdt.transformers.null: Guidance: There are no missing values in column Bwd Pkt Len Min. Extra column not created.
2026-05-25 10:44:54,319 [INFO] rdt.transformers.null: Guidance: There are no missing values in column Bwd Pkt Len Mean. Extra column not created.
2026-05-25 10:44:55,912 [INFO] rdt.transformers.null: Guidance: There are no missing values in column Bwd Pkt Len Std. Extra column not created.
2026-05-25 10:44:58,039 [INFO] rdt.transformers.null: Guidance: There are no missing values in column Flow Byts/s. Extra column not created.
2026-05-25 10:45:05,765 [INFO] rdt.transformers.null: Guidance: There are no missing values in column Flow Pkts/s. Extra column not created.
2026-05-25 10:45:08,408 [INFO] rdt.transformers.null: Guidance: There are no missing values in column Flow IAT Mean. Extra column not created.
2026-05-25 10:45:16,596 [INFO] rdt.transformers.null: Guidance: There are no missing values in column Flow IAT Std. Extra column not created.
2026-05-25 10:45:24,372 [INFO] rdt.transformers.null: Guidance: There are no missing values in column Flow IAT Max. Extra column not created.
2026-05-25 10:45:31,434 [INFO] rdt.transformers.null: Guidance: There are no missing values in column Flow IAT Min. Extra column not created.
2026-05-25 10:45:37,994 [INFO] rdt.transformers.null: Guidance: There are no missing values in column Fwd IAT Tot. Extra column not created.
2026-05-25 10:45:44,056 [INFO] rdt.transformers.null: Guidance: There are no missing values in column Fwd IAT Mean. Extra column not created.
2026-05-25 10:45:50,082 [INFO] rdt.transformers.null: Guidance: There are no missing values in column Fwd IAT Std. Extra column not created.
2026-05-25 10:45:55,901 [INFO] rdt.transformers.null: Guidance: There are no missing values in column Fwd IAT Max. Extra column not created.
2026-05-25 10:46:01,780 [INFO] rdt.transformers.null: Guidance: There are no missing values in column Fwd IAT Min. Extra column not created.
2026-05-25 10:46:04,696 [INFO] rdt.transformers.null: Guidance: There are no missing values in column Bwd IAT Tot. Extra column not created.
2026-05-25 10:46:10,349 [INFO] rdt.transformers.null: Guidance: There are no missing values in column Bwd IAT Mean. Extra column not created.
2026-05-25 10:46:15,580 [INFO] rdt.transformers.null: Guidance: There are no missing values in column Bwd IAT Std. Extra column not created.
2026-05-25 10:46:20,715 [INFO] rdt.transformers.null: Guidance: There are no missing values in column Bwd IAT Max. Extra column not created.
2026-05-25 10:46:25,809 [INFO] rdt.transformers.null: Guidance: There are no missing values in column Bwd IAT Min. Extra column not created.
2026-05-25 10:46:30,983 [INFO] rdt.transformers.null: Guidance: There are no missing values in column Fwd PSH Flags. Extra column not created.
2026-05-25 10:46:31,208 [INFO] rdt.transformers.null: Guidance: There are no missing values in column Bwd PSH Flags. Extra column not created.
2026-05-25 10:46:31,432 [INFO] rdt.transformers.null: Guidance: There are no missing values in column Fwd URG Flags. Extra column not created.
2026-05-25 10:46:31,676 [INFO] rdt.transformers.null: Guidance: There are no missing values in column Bwd URG Flags. Extra column not created.
2026-05-25 10:46:31,903 [INFO] rdt.transformers.null: Guidance: There are no missing values in column Fwd Header Len. Extra column not created.
2026-05-25 10:46:35,114 [INFO] rdt.transformers.null: Guidance: There are no missing values in column Bwd Header Len. Extra column not created.
2026-05-25 10:46:35,803 [INFO] rdt.transformers.null: Guidance: There are no missing values in column Fwd Pkts/s. Extra column not created.
2026-05-25 10:46:37,295 [INFO] rdt.transformers.null: Guidance: There are no missing values in column Bwd Pkts/s. Extra column not created.
2026-05-25 10:46:38,831 [INFO] rdt.transformers.null: Guidance: There are no missing values in column Pkt Len Min. Extra column not created.
2026-05-25 10:46:39,066 [INFO] rdt.transformers.null: Guidance: There are no missing values in column Pkt Len Max. Extra column not created.
2026-05-25 10:46:39,297 [INFO] rdt.transformers.null: Guidance: There are no missing values in column Pkt Len Mean. Extra column not created.
2026-05-25 10:46:41,801 [INFO] rdt.transformers.null: Guidance: There are no missing values in column Pkt Len Std. Extra column not created.
2026-05-25 10:46:42,470 [INFO] rdt.transformers.null: Guidance: There are no missing values in column Pkt Len Var. Extra column not created.
2026-05-25 10:46:43,809 [INFO] rdt.transformers.null: Guidance: There are no missing values in column FIN Flag Cnt. Extra column not created.
2026-05-25 10:46:44,037 [INFO] rdt.transformers.null: Guidance: There are no missing values in column SYN Flag Cnt. Extra column not created.
2026-05-25 10:46:44,267 [INFO] rdt.transformers.null: Guidance: There are no missing values in column RST Flag Cnt. Extra column not created.
2026-05-25 10:46:44,489 [INFO] rdt.transformers.null: Guidance: There are no missing values in column PSH Flag Cnt. Extra column not created.
2026-05-25 10:46:44,746 [INFO] rdt.transformers.null: Guidance: There are no missing values in column ACK Flag Cnt. Extra column not created.
2026-05-25 10:46:44,985 [INFO] rdt.transformers.null: Guidance: There are no missing values in column URG Flag Cnt. Extra column not created.
2026-05-25 10:46:45,223 [INFO] rdt.transformers.null: Guidance: There are no missing values in column CWE Flag Count. Extra column not created.
2026-05-25 10:46:45,461 [INFO] rdt.transformers.null: Guidance: There are no missing values in column ECE Flag Cnt. Extra column not created.
2026-05-25 10:46:45,699 [INFO] rdt.transformers.null: Guidance: There are no missing values in column Down/Up Ratio. Extra column not created.
2026-05-25 10:46:45,939 [INFO] rdt.transformers.null: Guidance: There are no missing values in column Pkt Size Avg. Extra column not created.
2026-05-25 10:46:48,750 [INFO] rdt.transformers.null: Guidance: There are no missing values in column Fwd Seg Size Avg. Extra column not created.
2026-05-25 10:46:54,056 [INFO] rdt.transformers.null: Guidance: There are no missing values in column Bwd Seg Size Avg. Extra column not created.
2026-05-25 10:46:55,154 [INFO] rdt.transformers.null: Guidance: There are no missing values in column Fwd Byts/b Avg. Extra column not created.
2026-05-25 10:46:55,396 [INFO] rdt.transformers.null: Guidance: There are no missing values in column Fwd Pkts/b Avg. Extra column not created.
2026-05-25 10:46:55,641 [INFO] rdt.transformers.null: Guidance: There are no missing values in column Fwd Blk Rate Avg. Extra column not created.
2026-05-25 10:46:55,879 [INFO] rdt.transformers.null: Guidance: There are no missing values in column Bwd Byts/b Avg. Extra column not created.
2026-05-25 10:46:56,124 [INFO] rdt.transformers.null: Guidance: There are no missing values in column Bwd Pkts/b Avg. Extra column not created.
2026-05-25 10:46:56,369 [INFO] rdt.transformers.null: Guidance: There are no missing values in column Bwd Blk Rate Avg. Extra column not created.
2026-05-25 10:46:56,611 [INFO] rdt.transformers.null: Guidance: There are no missing values in column Subflow Fwd Pkts. Extra column not created.
2026-05-25 10:46:59,857 [INFO] rdt.transformers.null: Guidance: There are no missing values in column Subflow Fwd Byts. Extra column not created.
2026-05-25 10:47:01,942 [INFO] rdt.transformers.null: Guidance: There are no missing values in column Subflow Bwd Pkts. Extra column not created.
2026-05-25 10:47:02,552 [INFO] rdt.transformers.null: Guidance: There are no missing values in column Subflow Bwd Byts. Extra column not created.
2026-05-25 10:47:02,800 [INFO] rdt.transformers.null: Guidance: There are no missing values in column Init Fwd Win Byts. Extra column not created.
2026-05-25 10:47:03,044 [INFO] rdt.transformers.null: Guidance: There are no missing values in column Init Bwd Win Byts. Extra column not created.
2026-05-25 10:47:03,396 [INFO] rdt.transformers.null: Guidance: There are no missing values in column Fwd Act Data Pkts. Extra column not created.
2026-05-25 10:47:03,641 [INFO] rdt.transformers.null: Guidance: There are no missing values in column Fwd Seg Size Min. Extra column not created.
2026-05-25 10:47:03,897 [INFO] rdt.transformers.null: Guidance: There are no missing values in column Active Mean. Extra column not created.
2026-05-25 10:47:04,139 [INFO] rdt.transformers.null: Guidance: There are no missing values in column Active Std. Extra column not created.
2026-05-25 10:47:04,381 [INFO] rdt.transformers.null: Guidance: There are no missing values in column Active Max. Extra column not created.
2026-05-25 10:47:04,631 [INFO] rdt.transformers.null: Guidance: There are no missing values in column Active Min. Extra column not created.
2026-05-25 10:47:04,880 [INFO] rdt.transformers.null: Guidance: There are no missing values in column Idle Mean. Extra column not created.
2026-05-25 10:47:05,122 [INFO] rdt.transformers.null: Guidance: There are no missing values in column Idle Std. Extra column not created.
2026-05-25 10:47:05,370 [INFO] rdt.transformers.null: Guidance: There are no missing values in column Idle Max. Extra column not created.
2026-05-25 10:47:05,619 [INFO] rdt.transformers.null: Guidance: There are no missing values in column Idle Min. Extra column not created.
2026-05-25 12:51:54,350 [INFO] src.training.train_ctgan:  CTGAN model saved: /Users/apple/Downloads/ANOMOLY_DETECTION_FOR_IOT/results/ctgan/models/ctgan_model.pkl
2026-05-25 12:51:54,352 [INFO] src.training.train_ctgan:  CTGAN done. Generated 5000 synthetic anomaly samples.
2026-05-25 12:51:54,680 [INFO] src.evaluation.visualizer:     Saved: /Users/apple/Downloads/ANOMOLY_DETECTION_FOR_IOT/results/ctgan/plots/gan_loss_curves.png
2026-05-25 12:51:54,680 [INFO] MAIN:  [CTGAN] Training augmented classifier...
2026-05-25 12:51:54,806 [INFO] src.training.train_classifier:  Classifier Training | Augmented train size: 144998
2026-05-25 12:51:58,908 [INFO] src.training.train_classifier:   [Epoch  1/30]  tr_loss=0.6310  vl_loss=0.6233  tr_acc=0.3853  vl_acc=0.3633  vl_f1=0.5330
2026-05-25 12:52:13,172 [INFO] src.training.train_classifier:   [Epoch  5/30]  tr_loss=0.6188  vl_loss=0.6230  tr_acc=0.3853  vl_acc=0.3633  vl_f1=0.5330
2026-05-25 12:52:26,916 [INFO] src.training.train_classifier:    Early stopping at epoch 8 (best val_f1=0.5330)
2026-05-25 12:52:26,922 [INFO] src.training.train_classifier:  Classifier saved to: /Users/apple/Downloads/ANOMOLY_DETECTION_FOR_IOT/results/ctgan/models/classifier_ctgan.pt
2026-05-25 12:52:27,792 [INFO] src.evaluation.visualizer:     Saved: /Users/apple/Downloads/ANOMOLY_DETECTION_FOR_IOT/results/ctgan/plots/classifier_training_history.png
2026-05-25 12:52:27,792 [INFO] MAIN:  [CTGAN] Evaluating...
2026-05-25 12:52:28,111 [INFO] src.evaluation.metrics:  Metrics:
2026-05-25 12:52:28,111 [INFO] src.evaluation.metrics:    accuracy                            0.3633
2026-05-25 12:52:28,111 [INFO] src.evaluation.metrics:    precision                           0.3633
2026-05-25 12:52:28,111 [INFO] src.evaluation.metrics:    recall                              1.0000
2026-05-25 12:52:28,112 [INFO] src.evaluation.metrics:    f1_score                            0.5330
2026-05-25 12:52:28,112 [INFO] src.evaluation.metrics:    roc_auc                             1.0000
2026-05-25 12:52:28,112 [INFO] src.evaluation.metrics:    pr_auc                              1.0000
2026-05-25 12:52:28,112 [INFO] src.evaluation.metrics:    Benign_precision                    0.0000
2026-05-25 12:52:28,112 [INFO] src.evaluation.metrics:    Benign_recall                       0.0000
2026-05-25 12:52:28,112 [INFO] src.evaluation.metrics:    Benign_f1                           0.0000
2026-05-25 12:52:28,112 [INFO] src.evaluation.metrics:    Anomaly_precision                   0.3633
2026-05-25 12:52:28,112 [INFO] src.evaluation.metrics:    Anomaly_recall                      1.0000
2026-05-25 12:52:28,112 [INFO] src.evaluation.metrics:    Anomaly_f1                          0.5330
2026-05-25 12:52:28,657 [INFO] src.evaluation.visualizer:     Saved: /Users/apple/Downloads/ANOMOLY_DETECTION_FOR_IOT/results/ctgan/plots/confusion_matrix.png
2026-05-25 12:52:29,334 [INFO] src.evaluation.visualizer:     Saved: /Users/apple/Downloads/ANOMOLY_DETECTION_FOR_IOT/results/ctgan/plots/roc_pr_curves.png
2026-05-25 12:52:29,607 [INFO] src.evaluation.visualizer:     Saved: /Users/apple/Downloads/ANOMOLY_DETECTION_FOR_IOT/results/ctgan/plots/per_class_heatmap.png
2026-05-25 12:52:29,616 [INFO] src.evaluation.metrics: 
 Model Comparison Table:
                 Accuracy Precision  Recall F1 Score Roc Auc  Pr Auc
Model                                                               
Baseline (MLP)     0.3633    0.3633  1.0000   0.5330  1.0000  1.0000
Simple GAN + MLP   0.3633    0.3633  1.0000   0.5330  1.0000  1.0000
CTGAN + MLP        0.3633    0.3633  1.0000   0.5330  1.0000  1.0000
2026-05-25 12:52:30,069 [INFO] src.evaluation.visualizer:     Saved: /Users/apple/Downloads/ANOMOLY_DETECTION_FOR_IOT/results/reports/comparison/metric_comparison.png
2026-05-25 12:52:30,077 [WARNING] src.evaluation.visualizer:  Plot not found: /Users/apple/Downloads/ANOMOLY_DETECTION_FOR_IOT/results/simple_gan/plots/metric_comparison.png
2026-05-25 12:52:30,082 [WARNING] src.evaluation.visualizer:  Plot not found: /Users/apple/Downloads/ANOMOLY_DETECTION_FOR_IOT/results/ctgan/plots/metric_comparison.png
2026-05-25 12:52:30,087 [INFO] src.evaluation.visualizer:  GAN vs CTGAN comparison report: /Users/apple/Downloads/ANOMOLY_DETECTION_FOR_IOT/results/reports/comparison/gan_vs_ctgan_comparison.html
2026-05-25 12:52:30,095 [INFO] src.evaluation.visualizer:  GAN vs CTGAN JSON saved: /Users/apple/Downloads/ANOMOLY_DETECTION_FOR_IOT/results/reports/comparison/gan_vs_ctgan_metrics.json
2026-05-25 12:52:30,096 [INFO] MAIN:  Using CTGAN-augmented classifier for BERT explanations (higher F1).
2026-05-25 12:52:30,529 [INFO] src.evaluation.visualizer:     Saved: /Users/apple/Downloads/ANOMOLY_DETECTION_FOR_IOT/results/plots/metric_comparison.png
2026-05-25 12:52:30,529 [INFO] MAIN:  Initializing BERT Explainer...
2026-05-25 12:52:31,616 [WARNING] huggingface_hub.utils._http: HTTP Error 429 thrown while requesting HEAD https://huggingface.co/bert-base-uncased/resolve/main/tokenizer_config.json
2026-05-25 12:52:31,617 [WARNING] huggingface_hub.utils._http: Retrying in 1s [Retry 1/5].
2026-05-25 12:52:32,914 [WARNING] huggingface_hub.utils._http: HTTP Error 429 thrown while requesting HEAD https://huggingface.co/bert-base-uncased/resolve/main/tokenizer_config.json
2026-05-25 12:52:32,914 [WARNING] huggingface_hub.utils._http: Retrying in 2s [Retry 2/5].
2026-05-25 12:52:35,208 [WARNING] huggingface_hub.utils._http: HTTP Error 429 thrown while requesting HEAD https://huggingface.co/bert-base-uncased/resolve/main/tokenizer_config.json
2026-05-25 12:52:35,208 [WARNING] huggingface_hub.utils._http: Retrying in 4s [Retry 3/5].
2026-05-25 12:52:39,501 [WARNING] huggingface_hub.utils._http: HTTP Error 429 thrown while requesting HEAD https://huggingface.co/bert-base-uncased/resolve/main/tokenizer_config.json
2026-05-25 12:52:39,502 [WARNING] huggingface_hub.utils._http: Retrying in 8s [Retry 4/5].
2026-05-25 12:52:47,795 [WARNING] huggingface_hub.utils._http: HTTP Error 429 thrown while requesting HEAD https://huggingface.co/bert-base-uncased/resolve/main/tokenizer_config.json
2026-05-25 12:52:47,796 [WARNING] huggingface_hub.utils._http: Retrying in 8s [Retry 5/5].
2026-05-25 12:52:56,094 [WARNING] huggingface_hub.utils._http: HTTP Error 429 thrown while requesting HEAD https://huggingface.co/bert-base-uncased/resolve/main/tokenizer_config.json
2026-05-25 12:52:56,460 [WARNING] huggingface_hub.utils._http: HTTP Error 429 thrown while requesting HEAD https://huggingface.co/bert-base-uncased/resolve/main/config.json
2026-05-25 12:52:56,460 [WARNING] huggingface_hub.utils._http: Retrying in 1s [Retry 1/5].
2026-05-25 12:52:57,755 [WARNING] huggingface_hub.utils._http: HTTP Error 429 thrown while requesting HEAD https://huggingface.co/bert-base-uncased/resolve/main/config.json
2026-05-25 12:52:57,756 [WARNING] huggingface_hub.utils._http: Retrying in 2s [Retry 2/5].
2026-05-25 12:53:00,049 [WARNING] huggingface_hub.utils._http: HTTP Error 429 thrown while requesting HEAD https://huggingface.co/bert-base-uncased/resolve/main/config.json
2026-05-25 12:53:00,049 [WARNING] huggingface_hub.utils._http: Retrying in 4s [Retry 3/5].
2026-05-25 12:53:04,346 [WARNING] huggingface_hub.utils._http: HTTP Error 429 thrown while requesting HEAD https://huggingface.co/bert-base-uncased/resolve/main/config.json
2026-05-25 12:53:04,346 [WARNING] huggingface_hub.utils._http: Retrying in 8s [Retry 4/5].
2026-05-25 12:53:12,640 [WARNING] huggingface_hub.utils._http: HTTP Error 429 thrown while requesting HEAD https://huggingface.co/bert-base-uncased/resolve/main/config.json
2026-05-25 12:53:12,640 [WARNING] huggingface_hub.utils._http: Retrying in 8s [Retry 5/5].
2026-05-25 12:53:21,433 [WARNING] huggingface_hub.utils._http: HTTP Error 429 thrown while requesting HEAD https://huggingface.co/bert-base-uncased/resolve/main/config.json
2026-05-25 12:53:21,730 [WARNING] huggingface_hub.utils._http: HTTP Error 429 thrown while requesting HEAD https://huggingface.co/bert-base-uncased/resolve/main/config.json
2026-05-25 12:53:21,730 [WARNING] huggingface_hub.utils._http: Retrying in 1s [Retry 1/5].
2026-05-25 12:53:23,026 [WARNING] huggingface_hub.utils._http: HTTP Error 429 thrown while requesting HEAD https://huggingface.co/bert-base-uncased/resolve/main/config.json
2026-05-25 12:53:23,026 [WARNING] huggingface_hub.utils._http: Retrying in 2s [Retry 2/5].
2026-05-25 12:53:25,322 [WARNING] huggingface_hub.utils._http: HTTP Error 429 thrown while requesting HEAD https://huggingface.co/bert-base-uncased/resolve/main/config.json
2026-05-25 12:53:25,323 [WARNING] huggingface_hub.utils._http: Retrying in 4s [Retry 3/5].
2026-05-25 12:53:29,614 [WARNING] huggingface_hub.utils._http: HTTP Error 429 thrown while requesting HEAD https://huggingface.co/bert-base-uncased/resolve/main/config.json
2026-05-25 12:53:29,614 [WARNING] huggingface_hub.utils._http: Retrying in 8s [Retry 4/5].
2026-05-25 12:53:37,900 [WARNING] huggingface_hub.utils._http: HTTP Error 429 thrown while requesting HEAD https://huggingface.co/bert-base-uncased/resolve/main/config.json
2026-05-25 12:53:37,900 [WARNING] huggingface_hub.utils._http: Retrying in 8s [Retry 5/5].
2026-05-25 12:53:46,192 [WARNING] huggingface_hub.utils._http: HTTP Error 429 thrown while requesting HEAD https://huggingface.co/bert-base-uncased/resolve/main/config.json
2026-05-25 12:53:46,358 [INFO] src.explainability.bert_explainer:  BERT model loaded: bert-base-uncased
2026-05-25 12:53:46,359 [INFO] src.explainability.bert_explainer:  Fine-tuning BERT on 1000 samples...
2026-05-25 13:13:41,453 [INFO] src.explainability.bert_explainer:   BERT [Epoch 1/3]  loss=0.1915  val_acc=1.0000
2026-05-25 13:28:02,054 [INFO] src.explainability.bert_explainer:   BERT [Epoch 2/3]  loss=0.0176  val_acc=1.0000
2026-05-25 13:48:31,059 [INFO] src.explainability.bert_explainer:   BERT [Epoch 3/3]  loss=0.0081  val_acc=1.0000
2026-05-25 13:48:31,060 [INFO] src.explainability.bert_explainer:  BERT fine-tuning complete. Best val_acc=1.0000
2026-05-25 13:48:31,208 [INFO] src.evaluation.visualizer:  HTML Report saved: /Users/apple/Downloads/ANOMOLY_DETECTION_FOR_IOT/results/reports/explanation_report.html
2026-05-25 13:48:31,216 [INFO] src.evaluation.visualizer:  JSON Results saved: /Users/apple/Downloads/ANOMOLY_DETECTION_FOR_IOT/results/reports/results.json
2026-05-25 13:48:31,217 [INFO] MAIN:  Pipeline complete!
2026-05-25 13:48:31,217 [INFO] MAIN:  GAN vs CTGAN comparison: /Users/apple/Downloads/ANOMOLY_DETECTION_FOR_IOT/results/reports/comparison/gan_vs_ctgan_comparison.html
2026-05-25 13:48:31,217 [INFO] MAIN:  Main report: /Users/apple/Downloads/ANOMOLY_DETECTION_FOR_IOT/results/reports/explanation_report.html
2026-05-25 13:48:31,217 [INFO] MAIN:  Simple GAN plots: /Users/apple/Downloads/ANOMOLY_DETECTION_FOR_IOT/results/simple_gan/plots
2026-05-25 13:48:31,217 [INFO] MAIN:  CTGAN plots: /Users/apple/Downloads/ANOMOLY_DETECTION_FOR_IOT/results/ctgan/plots
